0 verbose cli D:\nodejs\node.exe D:\nodejs\node_modules\npm\bin\npm-cli.js
1 info using npm@10.2.3
2 info using node@v18.19.0
3 timing npm:load:whichnode Completed in 5ms
4 timing config:load:defaults Completed in 5ms
5 timing config:load:file:D:\nodejs\node_modules\npm\npmrc Completed in 2ms
6 timing config:load:builtin Completed in 3ms
7 warn config production Use `--omit=dev` instead.
8 timing config:load:cli Completed in 2ms
9 timing config:load:env Completed in 1ms
10 timing config:load:file:E:\小程序云开发\cloudfunctions\removeUserinfo\.npmrc Completed in 1ms
11 timing config:load:project Completed in 3ms
12 timing config:load:file:C:\Users\ASUS\.npmrc Completed in 1ms
13 timing config:load:user Completed in 2ms
14 timing config:load:file:D:\nodejs\node_global\etc\npmrc Completed in 0ms
15 timing config:load:global Completed in 0ms
16 timing config:load:setEnvs Completed in 2ms
17 timing config:load Completed in 18ms
18 timing npm:load:configload Completed in 18ms
19 timing config:load:flatten Completed in 4ms
20 timing npm:load:mkdirpcache Completed in 1ms
21 timing npm:load:mkdirplogs Completed in 1ms
22 verbose title npm install
23 verbose argv "install" "--production"
24 timing npm:load:setTitle Completed in 1ms
25 timing npm:load:display Completed in 4ms
26 verbose logfile logs-max:10 dir:E:\小程序云开发\cloudfunctions\removeUserinfo\D：\nodejs\node_cache\_logs\2024-04-22T07_30_28_007Z-
27 verbose logfile E:\小程序云开发\cloudfunctions\removeUserinfo\D：\nodejs\node_cache\_logs\2024-04-22T07_30_28_007Z-debug-0.log
28 timing npm:load:logFile Completed in 17ms
29 timing npm:load:timers Completed in 0ms
30 timing npm:load:configScope Completed in 0ms
31 timing npm:load Completed in 81ms
32 timing arborist:ctor Completed in 1ms
33 silly logfile done cleaning log files
34 timing arborist:ctor Completed in 1ms
35 timing idealTree:init Completed in 15ms
36 timing idealTree:userRequests Completed in 0ms
37 silly idealTree buildDeps
38 silly fetch manifest wx-server-sdk@~3.0.1
39 http fetch GET 200 https://registry.npmjs.org/wx-server-sdk 918ms (cache miss)
40 silly placeDep ROOT wx-server-sdk@3.0.1 OK for: removeUserinfo@1.0.0 want: ~3.0.1
41 silly fetch manifest @cloudbase/node-sdk@2.10.0
42 silly fetch manifest json-bigint@^1.0.0
43 silly fetch manifest protobufjs@^7.2.4
44 silly fetch manifest tslib@^1.9.3
45 http fetch GET 200 https://registry.npmjs.org/@cloudbase%2fnode-sdk 289ms (cache miss)
46 http fetch GET 200 https://registry.npmjs.org/npm 1325ms (cache miss)
47 http fetch GET 200 https://registry.npmjs.org/json-bigint 710ms (cache miss)
48 http fetch GET 200 https://registry.npmjs.org/protobufjs 733ms (cache miss)
49 http fetch GET 200 https://registry.npmjs.org/tslib 740ms (cache miss)
50 timing idealTree:#root Completed in 1678ms
51 silly placeDep ROOT @cloudbase/node-sdk@2.10.0 OK for: wx-server-sdk@3.0.1 want: 2.10.0
52 silly fetch manifest @cloudbase/database@1.4.1
53 silly fetch manifest @cloudbase/signature-nodejs@1.0.0-beta.0
54 silly fetch manifest agentkeepalive@^4.3.0
55 silly fetch manifest axios@^0.21.1
56 silly fetch manifest jsonwebtoken@^8.5.1
57 silly fetch manifest request@^2.87.0
58 silly fetch manifest retry@^0.13.1
59 silly fetch manifest xml2js@^0.5.0
60 silly placeDep ROOT json-bigint@1.0.0 OK for: wx-server-sdk@3.0.1 want: ^1.0.0
61 silly fetch manifest bignumber.js@^9.0.0
62 silly placeDep ROOT protobufjs@7.2.6 OK for: wx-server-sdk@3.0.1 want: ^7.2.4
63 silly fetch manifest @protobufjs/aspromise@^1.1.2
64 silly fetch manifest @protobufjs/base64@^1.1.2
65 silly fetch manifest @protobufjs/codegen@^2.0.4
66 silly fetch manifest @protobufjs/eventemitter@^1.1.0
67 silly fetch manifest @protobufjs/fetch@^1.1.0
68 silly fetch manifest @protobufjs/float@^1.0.2
69 silly fetch manifest @protobufjs/inquire@^1.1.0
70 silly fetch manifest @protobufjs/path@^1.1.2
71 silly fetch manifest @protobufjs/pool@^1.1.0
72 silly fetch manifest @protobufjs/utf8@^1.1.0
73 silly fetch manifest @types/node@>=13.7.0
74 silly fetch manifest long@^5.0.0
75 silly placeDep ROOT tslib@1.14.1 OK for: wx-server-sdk@3.0.1 want: ^1.9.3
76 http fetch GET 200 https://registry.npmjs.org/agentkeepalive 239ms (cache miss)
77 http fetch GET 200 https://registry.npmjs.org/jsonwebtoken 240ms (cache miss)
78 http fetch GET 200 https://registry.npmjs.org/@cloudbase%2fdatabase 333ms (cache miss)
79 http fetch GET 200 https://registry.npmjs.org/@cloudbase%2fsignature-nodejs 437ms (cache miss)
80 http fetch GET 200 https://registry.npmjs.org/axios 471ms (cache miss)
81 http fetch GET 200 https://registry.npmjs.org/retry 750ms (cache miss)
82 http fetch GET 200 https://registry.npmjs.org/xml2js 752ms (cache miss)
83 http fetch GET 200 https://registry.npmjs.org/long 750ms (cache miss)
84 http fetch GET 200 https://registry.npmjs.org/@protobufjs%2finquire 772ms (cache miss)
85 http fetch GET 200 https://registry.npmjs.org/@protobufjs%2fpath 772ms (cache miss)
86 http fetch GET 200 https://registry.npmjs.org/@protobufjs%2ffetch 775ms (cache miss)
87 http fetch GET 200 https://registry.npmjs.org/@protobufjs%2ffloat 819ms (cache miss)
88 http fetch GET 200 https://registry.npmjs.org/@protobufjs%2feventemitter 820ms (cache miss)
89 http fetch GET 200 https://registry.npmjs.org/@protobufjs%2fbase64 823ms (cache miss)
90 http fetch GET 200 https://registry.npmjs.org/@protobufjs%2faspromise 824ms (cache miss)
91 http fetch GET 200 https://registry.npmjs.org/@protobufjs%2futf8 822ms (cache miss)
92 http fetch GET 200 https://registry.npmjs.org/@protobufjs%2fpool 824ms (cache miss)
93 http fetch GET 200 https://registry.npmjs.org/@protobufjs%2fcodegen 829ms (cache miss)
94 http fetch GET 200 https://registry.npmjs.org/request 936ms (cache miss)
95 http fetch GET 200 https://registry.npmjs.org/bignumber.js 1324ms (cache miss)
96 http fetch GET 200 https://registry.npmjs.org/@types%2fnode 1577ms (cache miss)
97 timing idealTree:node_modules/wx-server-sdk Completed in 1612ms
98 silly placeDep ROOT @cloudbase/database@1.4.1 OK for: @cloudbase/node-sdk@2.10.0 want: 1.4.1
99 silly fetch manifest bson@^4.0.3
100 silly fetch manifest lodash.clonedeep@4.5.0
101 silly fetch manifest lodash.set@4.3.2
102 silly fetch manifest lodash.unset@4.5.2
103 silly placeDep ROOT @cloudbase/signature-nodejs@1.0.0-beta.0 OK for: @cloudbase/node-sdk@2.10.0 want: 1.0.0-beta.0
104 silly fetch manifest @types/clone@^0.1.30
105 silly fetch manifest clone@^2.1.2
106 silly fetch manifest is-stream@^2.0.0
107 silly fetch manifest url@^0.11.0
108 silly placeDep ROOT agentkeepalive@4.5.0 OK for: @cloudbase/node-sdk@2.10.0 want: ^4.3.0
109 silly fetch manifest humanize-ms@^1.2.1
110 silly placeDep ROOT axios@0.21.4 OK for: @cloudbase/node-sdk@2.10.0 want: ^0.21.1
111 silly fetch manifest follow-redirects@^1.14.0
112 silly placeDep ROOT jsonwebtoken@8.5.1 OK for: @cloudbase/node-sdk@2.10.0 want: ^8.5.1
113 silly fetch manifest jws@^3.2.2
114 silly fetch manifest lodash.includes@^4.3.0
115 silly fetch manifest lodash.isboolean@^3.0.3
116 silly fetch manifest lodash.isinteger@^4.0.4
117 silly fetch manifest lodash.isnumber@^3.0.3
118 silly fetch manifest lodash.isplainobject@^4.0.6
119 silly fetch manifest lodash.isstring@^4.0.1
120 silly fetch manifest lodash.once@^4.0.0
121 silly fetch manifest ms@^2.1.1
122 silly fetch manifest semver@^5.6.0
123 silly placeDep ROOT request@2.88.2 OK for: @cloudbase/node-sdk@2.10.0 want: ^2.87.0
124 silly fetch manifest aws-sign2@~0.7.0
125 silly fetch manifest aws4@^1.8.0
126 silly fetch manifest caseless@~0.12.0
127 silly fetch manifest combined-stream@~1.0.6
128 silly fetch manifest extend@~3.0.2
129 silly fetch manifest forever-agent@~0.6.1
130 silly fetch manifest form-data@~2.3.2
131 silly fetch manifest har-validator@~5.1.3
132 silly fetch manifest http-signature@~1.2.0
133 silly fetch manifest is-typedarray@~1.0.0
134 silly fetch manifest isstream@~0.1.2
135 silly fetch manifest json-stringify-safe@~5.0.1
136 silly fetch manifest mime-types@~2.1.19
137 silly fetch manifest oauth-sign@~0.9.0
138 silly fetch manifest performance-now@^2.1.0
139 silly fetch manifest qs@~6.5.2
140 silly fetch manifest safe-buffer@^5.1.2
141 silly fetch manifest tough-cookie@~2.5.0
142 silly fetch manifest tunnel-agent@^0.6.0
143 silly fetch manifest uuid@^3.3.2
144 silly placeDep ROOT retry@0.13.1 OK for: @cloudbase/node-sdk@2.10.0 want: ^0.13.1
145 silly placeDep ROOT xml2js@0.5.0 OK for: @cloudbase/node-sdk@2.10.0 want: ^0.5.0
146 silly fetch manifest sax@>=0.6.0
147 silly fetch manifest xmlbuilder@~11.0.0
148 http fetch GET 200 https://registry.npmjs.org/humanize-ms 290ms (cache miss)
149 http fetch GET 200 https://registry.npmjs.org/lodash.isnumber 283ms (cache miss)
150 http fetch GET 200 https://registry.npmjs.org/lodash.unset 298ms (cache miss)
151 http fetch GET 200 https://registry.npmjs.org/lodash.clonedeep 301ms (cache miss)
152 http fetch GET 200 https://registry.npmjs.org/lodash.set 301ms (cache miss)
153 http fetch GET 200 https://registry.npmjs.org/lodash.includes 292ms (cache miss)
154 http fetch GET 200 https://registry.npmjs.org/is-stream 301ms (cache miss)
155 http fetch GET 200 https://registry.npmjs.org/url 304ms (cache miss)
156 http fetch GET 200 https://registry.npmjs.org/lodash.isboolean 298ms (cache miss)
157 http fetch GET 200 https://registry.npmjs.org/lodash.isinteger 298ms (cache miss)
158 http fetch GET 200 https://registry.npmjs.org/@types%2fclone 310ms (cache miss)
159 http fetch GET 200 https://registry.npmjs.org/clone 311ms (cache miss)
160 http fetch GET 200 https://registry.npmjs.org/jws 306ms (cache miss)
161 http fetch GET 200 https://registry.npmjs.org/follow-redirects 321ms (cache miss)
162 http fetch GET 200 https://registry.npmjs.org/bson 342ms (cache miss)
163 http fetch GET 200 https://registry.npmjs.org/lodash.isplainobject 470ms (cache miss)
164 http fetch GET 200 https://registry.npmjs.org/combined-stream 471ms (cache miss)
165 http fetch GET 200 https://registry.npmjs.org/aws-sign2 480ms (cache miss)
166 http fetch GET 200 https://registry.npmjs.org/lodash.once 484ms (cache miss)
167 http fetch GET 200 https://registry.npmjs.org/forever-agent 475ms (cache miss)
168 http fetch GET 200 https://registry.npmjs.org/is-typedarray 474ms (cache miss)
169 http fetch GET 200 https://registry.npmjs.org/extend 478ms (cache miss)
170 http fetch GET 200 https://registry.npmjs.org/semver 488ms (cache miss)
171 http fetch GET 200 https://registry.npmjs.org/caseless 485ms (cache miss)
172 http fetch GET 200 https://registry.npmjs.org/http-signature 482ms (cache miss)
173 http fetch GET 200 https://registry.npmjs.org/ms 497ms (cache miss)
174 http fetch GET 200 https://registry.npmjs.org/har-validator 487ms (cache miss)
175 http fetch GET 200 https://registry.npmjs.org/aws4 497ms (cache miss)
176 http fetch GET 200 https://registry.npmjs.org/form-data 492ms (cache miss)
177 http fetch GET 200 https://registry.npmjs.org/lodash.isstring 535ms (cache miss)
178 http fetch GET 200 https://registry.npmjs.org/isstream 588ms (cache miss)
179 http fetch GET 200 https://registry.npmjs.org/mime-types 602ms (cache miss)
180 http fetch GET 200 https://registry.npmjs.org/json-stringify-safe 611ms (cache miss)
181 http fetch GET 200 https://registry.npmjs.org/performance-now 610ms (cache miss)
182 http fetch GET 200 https://registry.npmjs.org/tunnel-agent 643ms (cache miss)
183 http fetch GET 200 https://registry.npmjs.org/safe-buffer 646ms (cache miss)
184 http fetch GET 200 https://registry.npmjs.org/oauth-sign 655ms (cache miss)
185 http fetch GET 200 https://registry.npmjs.org/uuid 655ms (cache miss)
186 http fetch GET 200 https://registry.npmjs.org/sax 655ms (cache miss)
187 http fetch GET 200 https://registry.npmjs.org/qs 663ms (cache miss)
188 http fetch GET 200 https://registry.npmjs.org/tough-cookie 666ms (cache miss)
189 http fetch GET 200 https://registry.npmjs.org/xmlbuilder 665ms (cache miss)
190 timing idealTree:node_modules/@cloudbase/node-sdk Completed in 719ms
191 silly placeDep ROOT bson@4.7.2 OK for: @cloudbase/database@1.4.1 want: ^4.0.3
192 silly fetch manifest buffer@^5.6.0
193 silly placeDep ROOT lodash.clonedeep@4.5.0 OK for: @cloudbase/database@1.4.1 want: 4.5.0
194 silly placeDep ROOT lodash.set@4.3.2 OK for: @cloudbase/database@1.4.1 want: 4.3.2
195 silly placeDep ROOT lodash.unset@4.5.2 OK for: @cloudbase/database@1.4.1 want: 4.5.2
196 http fetch GET 200 https://registry.npmjs.org/buffer 343ms (cache miss)
197 timing idealTree:node_modules/@cloudbase/database Completed in 355ms
198 silly placeDep ROOT @types/clone@0.1.30 OK for: @cloudbase/signature-nodejs@1.0.0-beta.0 want: ^0.1.30
199 silly placeDep ROOT clone@2.1.2 OK for: @cloudbase/signature-nodejs@1.0.0-beta.0 want: ^2.1.2
200 silly placeDep ROOT is-stream@2.0.1 OK for: @cloudbase/signature-nodejs@1.0.0-beta.0 want: ^2.0.0
201 silly placeDep ROOT url@0.11.3 OK for: @cloudbase/signature-nodejs@1.0.0-beta.0 want: ^0.11.0
202 silly fetch manifest punycode@^1.4.1
203 silly fetch manifest qs@^6.11.2
204 http fetch GET 200 https://registry.npmjs.org/punycode 204ms (cache miss)
205 timing idealTree:node_modules/@cloudbase/signature-nodejs Completed in 218ms
206 timing idealTree:node_modules/@types/clone Completed in 0ms
207 silly placeDep ROOT humanize-ms@1.2.1 OK for: agentkeepalive@4.5.0 want: ^1.2.1
208 silly fetch manifest ms@^2.0.0
209 timing idealTree:node_modules/agentkeepalive Completed in 4ms
210 silly placeDep ROOT follow-redirects@1.15.6 OK for: axios@0.21.4 want: ^1.14.0
211 timing idealTree:node_modules/axios Completed in 2ms
212 silly placeDep ROOT buffer@5.7.1 OK for: bson@4.7.2 want: ^5.6.0
213 silly fetch manifest base64-js@^1.3.1
214 silly fetch manifest ieee754@^1.1.13
215 http fetch GET 200 https://registry.npmjs.org/base64-js 207ms (cache miss)
216 http fetch GET 200 https://registry.npmjs.org/ieee754 208ms (cache miss)
217 timing idealTree:node_modules/bson Completed in 212ms
218 silly placeDep ROOT base64-js@1.5.1 OK for: buffer@5.7.1 want: ^1.3.1
219 silly placeDep ROOT ieee754@1.2.1 OK for: buffer@5.7.1 want: ^1.1.13
220 timing idealTree:node_modules/buffer Completed in 5ms
221 timing idealTree:node_modules/base64-js Completed in 0ms
222 timing idealTree:node_modules/clone Completed in 0ms
223 timing idealTree:node_modules/follow-redirects Completed in 0ms
224 silly placeDep ROOT ms@2.1.3 OK for: humanize-ms@1.2.1 want: ^2.0.0
225 timing idealTree:node_modules/humanize-ms Completed in 3ms
226 timing idealTree:node_modules/ieee754 Completed in 0ms
227 timing idealTree:node_modules/is-stream Completed in 0ms
228 silly placeDep ROOT bignumber.js@9.1.2 OK for: json-bigint@1.0.0 want: ^9.0.0
229 timing idealTree:node_modules/json-bigint Completed in 3ms
230 timing idealTree:node_modules/bignumber.js Completed in 0ms
231 silly placeDep ROOT jws@3.2.2 OK for: jsonwebtoken@8.5.1 want: ^3.2.2
232 silly fetch manifest jwa@^1.4.1
233 silly fetch manifest safe-buffer@^5.0.1
234 silly placeDep ROOT lodash.includes@4.3.0 OK for: jsonwebtoken@8.5.1 want: ^4.3.0
235 silly placeDep ROOT lodash.isboolean@3.0.3 OK for: jsonwebtoken@8.5.1 want: ^3.0.3
236 silly placeDep ROOT lodash.isinteger@4.0.4 OK for: jsonwebtoken@8.5.1 want: ^4.0.4
237 silly placeDep ROOT lodash.isnumber@3.0.3 OK for: jsonwebtoken@8.5.1 want: ^3.0.3
238 silly placeDep ROOT lodash.isplainobject@4.0.6 OK for: jsonwebtoken@8.5.1 want: ^4.0.6
239 silly placeDep ROOT lodash.isstring@4.0.1 OK for: jsonwebtoken@8.5.1 want: ^4.0.1
240 silly placeDep ROOT lodash.once@4.1.1 OK for: jsonwebtoken@8.5.1 want: ^4.0.0
241 silly placeDep ROOT semver@5.7.2 OK for: jsonwebtoken@8.5.1 want: ^5.6.0
242 http fetch GET 200 https://registry.npmjs.org/jwa 194ms (cache miss)
243 timing idealTree:node_modules/jsonwebtoken Completed in 201ms
244 silly placeDep ROOT jwa@1.4.1 OK for: jws@3.2.2 want: ^1.4.1
245 silly fetch manifest buffer-equal-constant-time@1.0.1
246 silly fetch manifest ecdsa-sig-formatter@1.0.11
247 silly placeDep ROOT safe-buffer@5.2.1 OK for: jws@3.2.2 want: ^5.0.1
248 http fetch GET 200 https://registry.npmjs.org/ecdsa-sig-formatter 222ms (cache miss)
249 http fetch GET 200 https://registry.npmjs.org/buffer-equal-constant-time 226ms (cache miss)
250 timing idealTree:node_modules/jws Completed in 231ms
251 silly placeDep ROOT buffer-equal-constant-time@1.0.1 OK for: jwa@1.4.1 want: 1.0.1
252 silly placeDep ROOT ecdsa-sig-formatter@1.0.11 OK for: jwa@1.4.1 want: 1.0.11
253 timing idealTree:node_modules/jwa Completed in 5ms
254 timing idealTree:node_modules/buffer-equal-constant-time Completed in 0ms
255 timing idealTree:node_modules/ecdsa-sig-formatter Completed in 0ms
256 timing idealTree:node_modules/lodash.clonedeep Completed in 0ms
257 timing idealTree:node_modules/lodash.includes Completed in 0ms
258 timing idealTree:node_modules/lodash.isboolean Completed in 0ms
259 timing idealTree:node_modules/lodash.isinteger Completed in 0ms
260 timing idealTree:node_modules/lodash.isnumber Completed in 0ms
261 timing idealTree:node_modules/lodash.isplainobject Completed in 0ms
262 timing idealTree:node_modules/lodash.isstring Completed in 0ms
263 timing idealTree:node_modules/lodash.once Completed in 0ms
264 timing idealTree:node_modules/lodash.set Completed in 0ms
265 timing idealTree:node_modules/lodash.unset Completed in 0ms
266 timing idealTree:node_modules/ms Completed in 0ms
267 silly placeDep ROOT @protobufjs/aspromise@1.1.2 OK for: protobufjs@7.2.6 want: ^1.1.2
268 silly placeDep ROOT @protobufjs/base64@1.1.2 OK for: protobufjs@7.2.6 want: ^1.1.2
269 silly placeDep ROOT @protobufjs/codegen@2.0.4 OK for: protobufjs@7.2.6 want: ^2.0.4
270 silly placeDep ROOT @protobufjs/eventemitter@1.1.0 OK for: protobufjs@7.2.6 want: ^1.1.0
271 silly placeDep ROOT @protobufjs/fetch@1.1.0 OK for: protobufjs@7.2.6 want: ^1.1.0
272 silly placeDep ROOT @protobufjs/float@1.0.2 OK for: protobufjs@7.2.6 want: ^1.0.2
273 silly placeDep ROOT @protobufjs/inquire@1.1.0 OK for: protobufjs@7.2.6 want: ^1.1.0
274 silly placeDep ROOT @protobufjs/path@1.1.2 OK for: protobufjs@7.2.6 want: ^1.1.2
275 silly placeDep ROOT @protobufjs/pool@1.1.0 OK for: protobufjs@7.2.6 want: ^1.1.0
276 silly placeDep ROOT @protobufjs/utf8@1.1.0 OK for: protobufjs@7.2.6 want: ^1.1.0
277 silly placeDep ROOT @types/node@20.12.7 OK for: protobufjs@7.2.6 want: >=13.7.0
278 silly fetch manifest undici-types@~5.26.4
279 silly placeDep ROOT long@5.2.3 OK for: protobufjs@7.2.6 want: ^5.0.0
280 http fetch GET 200 https://registry.npmjs.org/undici-types 209ms (cache miss)
281 timing idealTree:node_modules/protobufjs Completed in 230ms
282 timing idealTree:node_modules/@protobufjs/aspromise Completed in 0ms
283 timing idealTree:node_modules/@protobufjs/base64 Completed in 0ms
284 timing idealTree:node_modules/@protobufjs/codegen Completed in 0ms
285 timing idealTree:node_modules/@protobufjs/eventemitter Completed in 0ms
286 timing idealTree:node_modules/@protobufjs/fetch Completed in 0ms
287 timing idealTree:node_modules/@protobufjs/float Completed in 0ms
288 timing idealTree:node_modules/@protobufjs/inquire Completed in 0ms
289 timing idealTree:node_modules/@protobufjs/path Completed in 0ms
290 timing idealTree:node_modules/@protobufjs/pool Completed in 0ms
291 timing idealTree:node_modules/@protobufjs/utf8 Completed in 0ms
292 silly placeDep ROOT undici-types@5.26.5 OK for: @types/node@20.12.7 want: ~5.26.4
293 timing idealTree:node_modules/@types/node Completed in 2ms
294 timing idealTree:node_modules/long Completed in 0ms
295 silly placeDep ROOT aws-sign2@0.7.0 OK for: request@2.88.2 want: ~0.7.0
296 silly placeDep ROOT aws4@1.12.0 OK for: request@2.88.2 want: ^1.8.0
297 silly placeDep ROOT caseless@0.12.0 OK for: request@2.88.2 want: ~0.12.0
298 silly placeDep ROOT combined-stream@1.0.8 OK for: request@2.88.2 want: ~1.0.6
299 silly fetch manifest delayed-stream@~1.0.0
300 silly placeDep ROOT extend@3.0.2 OK for: request@2.88.2 want: ~3.0.2
301 silly placeDep ROOT forever-agent@0.6.1 OK for: request@2.88.2 want: ~0.6.1
302 silly placeDep ROOT form-data@2.3.3 OK for: request@2.88.2 want: ~2.3.2
303 silly fetch manifest asynckit@^0.4.0
304 silly fetch manifest mime-types@^2.1.12
305 silly placeDep ROOT har-validator@5.1.5 OK for: request@2.88.2 want: ~5.1.3
306 silly fetch manifest ajv@^6.12.3
307 silly fetch manifest har-schema@^2.0.0
308 silly placeDep ROOT http-signature@1.2.0 OK for: request@2.88.2 want: ~1.2.0
309 silly fetch manifest assert-plus@^1.0.0
310 silly fetch manifest jsprim@^1.2.2
311 silly fetch manifest sshpk@^1.7.0
312 silly placeDep ROOT is-typedarray@1.0.0 OK for: request@2.88.2 want: ~1.0.0
313 silly placeDep ROOT isstream@0.1.2 OK for: request@2.88.2 want: ~0.1.2
314 silly placeDep ROOT json-stringify-safe@5.0.1 OK for: request@2.88.2 want: ~5.0.1
315 silly placeDep ROOT mime-types@2.1.35 OK for: request@2.88.2 want: ~2.1.19
316 silly fetch manifest mime-db@1.52.0
317 silly placeDep ROOT oauth-sign@0.9.0 OK for: request@2.88.2 want: ~0.9.0
318 silly placeDep ROOT performance-now@2.1.0 OK for: request@2.88.2 want: ^2.1.0
319 silly placeDep ROOT qs@6.5.3 OK for: request@2.88.2 want: ~6.5.2
320 silly placeDep ROOT tough-cookie@2.5.0 OK for: request@2.88.2 want: ~2.5.0
321 silly fetch manifest psl@^1.1.28
322 silly fetch manifest punycode@^2.1.1
323 silly placeDep ROOT tunnel-agent@0.6.0 OK for: request@2.88.2 want: ^0.6.0
324 silly placeDep ROOT uuid@3.4.0 OK for: request@2.88.2 want: ^3.3.2
325 http fetch GET 200 https://registry.npmjs.org/assert-plus 228ms (cache miss)
326 http fetch GET 200 https://registry.npmjs.org/har-schema 232ms (cache miss)
327 http fetch GET 200 https://registry.npmjs.org/asynckit 237ms (cache miss)
328 http fetch GET 200 https://registry.npmjs.org/jsprim 231ms (cache miss)
329 http fetch GET 200 https://registry.npmjs.org/delayed-stream 251ms (cache miss)
330 http fetch GET 200 https://registry.npmjs.org/sshpk 240ms (cache miss)
331 http fetch GET 200 https://registry.npmjs.org/psl 236ms (cache miss)
332 http fetch GET 200 https://registry.npmjs.org/mime-db 248ms (cache miss)
333 http fetch GET 200 https://registry.npmjs.org/ajv 283ms (cache miss)
334 timing idealTree:node_modules/request Completed in 312ms
335 timing idealTree:node_modules/aws-sign2 Completed in 0ms
336 timing idealTree:node_modules/aws4 Completed in 0ms
337 timing idealTree:node_modules/caseless Completed in 0ms
338 silly placeDep ROOT delayed-stream@1.0.0 OK for: combined-stream@1.0.8 want: ~1.0.0
339 timing idealTree:node_modules/combined-stream Completed in 2ms
340 timing idealTree:node_modules/delayed-stream Completed in 0ms
341 timing idealTree:node_modules/extend Completed in 0ms
342 timing idealTree:node_modules/forever-agent Completed in 0ms
343 silly placeDep ROOT asynckit@0.4.0 OK for: form-data@2.3.3 want: ^0.4.0
344 timing idealTree:node_modules/form-data Completed in 2ms
345 timing idealTree:node_modules/asynckit Completed in 0ms
346 silly placeDep ROOT ajv@6.12.6 OK for: har-validator@5.1.5 want: ^6.12.3
347 silly fetch manifest fast-deep-equal@^3.1.1
348 silly fetch manifest fast-json-stable-stringify@^2.0.0
349 silly fetch manifest json-schema-traverse@^0.4.1
350 silly fetch manifest uri-js@^4.2.2
351 silly placeDep ROOT har-schema@2.0.0 OK for: har-validator@5.1.5 want: ^2.0.0
352 http fetch GET 200 https://registry.npmjs.org/uri-js 197ms (cache miss)
353 http fetch GET 200 https://registry.npmjs.org/json-schema-traverse 201ms (cache miss)
354 http fetch GET 200 https://registry.npmjs.org/fast-deep-equal 211ms (cache miss)
355 http fetch GET 200 https://registry.npmjs.org/fast-json-stable-stringify 213ms (cache miss)
356 timing idealTree:node_modules/har-validator Completed in 218ms
357 silly placeDep ROOT fast-deep-equal@3.1.3 OK for: ajv@6.12.6 want: ^3.1.1
358 silly placeDep ROOT fast-json-stable-stringify@2.1.0 OK for: ajv@6.12.6 want: ^2.0.0
359 silly placeDep ROOT json-schema-traverse@0.4.1 OK for: ajv@6.12.6 want: ^0.4.1
360 silly placeDep ROOT uri-js@4.4.1 OK for: ajv@6.12.6 want: ^4.2.2
361 silly fetch manifest punycode@^2.1.0
362 timing idealTree:node_modules/ajv Completed in 13ms
363 timing idealTree:node_modules/fast-deep-equal Completed in 0ms
364 timing idealTree:node_modules/fast-json-stable-stringify Completed in 0ms
365 timing idealTree:node_modules/har-schema Completed in 0ms
366 silly placeDep ROOT assert-plus@1.0.0 OK for: http-signature@1.2.0 want: ^1.0.0
367 silly placeDep ROOT jsprim@1.4.2 OK for: http-signature@1.2.0 want: ^1.2.2
368 silly fetch manifest extsprintf@1.3.0
369 silly fetch manifest json-schema@0.4.0
370 silly fetch manifest verror@1.10.0
371 silly placeDep ROOT sshpk@1.18.0 OK for: http-signature@1.2.0 want: ^1.7.0
372 silly fetch manifest asn1@~0.2.3
373 silly fetch manifest dashdash@^1.12.0
374 silly fetch manifest getpass@^0.1.1
375 silly fetch manifest safer-buffer@^2.0.2
376 silly fetch manifest jsbn@~0.1.0
377 silly fetch manifest tweetnacl@~0.14.0
378 silly fetch manifest ecc-jsbn@~0.1.1
379 silly fetch manifest bcrypt-pbkdf@^1.0.0
380 http fetch GET 200 https://registry.npmjs.org/json-schema 219ms (cache miss)
381 http fetch GET 200 https://registry.npmjs.org/safer-buffer 213ms (cache miss)
382 http fetch GET 200 https://registry.npmjs.org/jsbn 215ms (cache miss)
383 http fetch GET 200 https://registry.npmjs.org/extsprintf 227ms (cache miss)
384 http fetch GET 200 https://registry.npmjs.org/tweetnacl 217ms (cache miss)
385 http fetch GET 200 https://registry.npmjs.org/verror 234ms (cache miss)
386 http fetch GET 200 https://registry.npmjs.org/getpass 232ms (cache miss)
387 http fetch GET 200 https://registry.npmjs.org/dashdash 239ms (cache miss)
388 http fetch GET 200 https://registry.npmjs.org/ecc-jsbn 235ms (cache miss)
389 http fetch GET 200 https://registry.npmjs.org/asn1 446ms (cache miss)
390 http fetch GET 200 https://registry.npmjs.org/bcrypt-pbkdf 797ms (cache miss)
391 timing idealTree:node_modules/http-signature Completed in 818ms
392 timing idealTree:node_modules/assert-plus Completed in 0ms
393 timing idealTree:node_modules/is-typedarray Completed in 0ms
394 timing idealTree:node_modules/isstream Completed in 0ms
395 timing idealTree:node_modules/json-schema-traverse Completed in 0ms
396 timing idealTree:node_modules/json-stringify-safe Completed in 0ms
397 silly placeDep ROOT extsprintf@1.3.0 OK for: jsprim@1.4.2 want: 1.3.0
398 silly placeDep ROOT json-schema@0.4.0 OK for: jsprim@1.4.2 want: 0.4.0
399 silly placeDep ROOT verror@1.10.0 OK for: jsprim@1.4.2 want: 1.10.0
400 silly fetch manifest core-util-is@1.0.2
401 http fetch GET 200 https://registry.npmjs.org/core-util-is 198ms (cache miss)
402 timing idealTree:node_modules/jsprim Completed in 204ms
403 timing idealTree:node_modules/extsprintf Completed in 0ms
404 timing idealTree:node_modules/json-schema Completed in 0ms
405 silly placeDep ROOT mime-db@1.52.0 OK for: mime-types@2.1.35 want: 1.52.0
406 timing idealTree:node_modules/mime-types Completed in 2ms
407 timing idealTree:node_modules/mime-db Completed in 0ms
408 timing idealTree:node_modules/oauth-sign Completed in 0ms
409 timing idealTree:node_modules/performance-now Completed in 0ms
410 timing idealTree:node_modules/qs Completed in 0ms
411 timing idealTree:node_modules/retry Completed in 0ms
412 timing idealTree:node_modules/safe-buffer Completed in 0ms
413 timing idealTree:node_modules/semver Completed in 0ms
414 silly placeDep ROOT asn1@0.2.6 OK for: sshpk@1.18.0 want: ~0.2.3
415 silly fetch manifest safer-buffer@~2.1.0
416 silly placeDep ROOT bcrypt-pbkdf@1.0.2 OK for: sshpk@1.18.0 want: ^1.0.0
417 silly fetch manifest tweetnacl@^0.14.3
418 silly placeDep ROOT dashdash@1.14.1 OK for: sshpk@1.18.0 want: ^1.12.0
419 silly placeDep ROOT ecc-jsbn@0.1.2 OK for: sshpk@1.18.0 want: ~0.1.1
420 silly fetch manifest safer-buffer@^2.1.0
421 silly placeDep ROOT getpass@0.1.7 OK for: sshpk@1.18.0 want: ^0.1.1
422 silly placeDep ROOT jsbn@0.1.1 OK for: sshpk@1.18.0 want: ~0.1.0
423 silly placeDep ROOT safer-buffer@2.1.2 OK for: sshpk@1.18.0 want: ^2.0.2
424 silly placeDep ROOT tweetnacl@0.14.5 OK for: sshpk@1.18.0 want: ~0.14.0
425 timing idealTree:node_modules/sshpk Completed in 12ms
426 timing idealTree:node_modules/asn1 Completed in 0ms
427 timing idealTree:node_modules/bcrypt-pbkdf Completed in 0ms
428 timing idealTree:node_modules/dashdash Completed in 0ms
429 timing idealTree:node_modules/ecc-jsbn Completed in 0ms
430 timing idealTree:node_modules/getpass Completed in 0ms
431 timing idealTree:node_modules/jsbn Completed in 0ms
432 timing idealTree:node_modules/safer-buffer Completed in 0ms
433 silly placeDep ROOT psl@1.9.0 OK for: tough-cookie@2.5.0 want: ^1.1.28
434 silly placeDep ROOT punycode@2.3.1 OK for: tough-cookie@2.5.0 want: ^2.1.1
435 timing idealTree:node_modules/tough-cookie Completed in 3ms
436 timing idealTree:node_modules/psl Completed in 0ms
437 timing idealTree:node_modules/punycode Completed in 0ms
438 timing idealTree:node_modules/tslib Completed in 0ms
439 timing idealTree:node_modules/tunnel-agent Completed in 0ms
440 timing idealTree:node_modules/tweetnacl Completed in 0ms
441 timing idealTree:node_modules/undici-types Completed in 0ms
442 timing idealTree:node_modules/uri-js Completed in 0ms
443 silly placeDep node_modules/url punycode@1.4.1 OK for: url@0.11.3 want: ^1.4.1
444 silly placeDep node_modules/url qs@6.12.1 OK for: url@0.11.3 want: ^6.11.2
445 silly fetch manifest side-channel@^1.0.6
446 http fetch GET 200 https://registry.npmjs.org/side-channel 188ms (cache miss)
447 timing idealTree:node_modules/url Completed in 194ms
448 timing idealTree:node_modules/uuid Completed in 0ms
449 silly placeDep ROOT core-util-is@1.0.2 OK for: verror@1.10.0 want: 1.0.2
450 timing idealTree:node_modules/verror Completed in 1ms
451 timing idealTree:node_modules/core-util-is Completed in 0ms
452 silly placeDep ROOT sax@1.3.0 OK for: xml2js@0.5.0 want: >=0.6.0
453 silly placeDep ROOT xmlbuilder@11.0.1 OK for: xml2js@0.5.0 want: ~11.0.0
454 timing idealTree:node_modules/xml2js Completed in 3ms
455 timing idealTree:node_modules/sax Completed in 0ms
456 timing idealTree:node_modules/xmlbuilder Completed in 0ms
457 timing idealTree:node_modules/url/node_modules/punycode Completed in 1ms
458 silly placeDep ROOT side-channel@1.0.6 OK for: qs@6.12.1 want: ^1.0.6
459 silly fetch manifest call-bind@^1.0.7
460 silly fetch manifest es-errors@^1.3.0
461 silly fetch manifest get-intrinsic@^1.2.4
462 silly fetch manifest object-inspect@^1.13.1
463 http fetch GET 200 https://registry.npmjs.org/call-bind 192ms (cache miss)
464 http fetch GET 200 https://registry.npmjs.org/object-inspect 203ms (cache miss)
465 http fetch GET 200 https://registry.npmjs.org/es-errors 206ms (cache miss)
466 http fetch GET 200 https://registry.npmjs.org/get-intrinsic 207ms (cache miss)
467 timing idealTree:node_modules/url/node_modules/qs Completed in 213ms
468 silly placeDep ROOT call-bind@1.0.7 OK for: side-channel@1.0.6 want: ^1.0.7
469 silly fetch manifest es-define-property@^1.0.0
470 silly fetch manifest function-bind@^1.1.2
471 silly fetch manifest set-function-length@^1.2.1
472 silly placeDep ROOT es-errors@1.3.0 OK for: side-channel@1.0.6 want: ^1.3.0
473 silly placeDep ROOT get-intrinsic@1.2.4 OK for: side-channel@1.0.6 want: ^1.2.4
474 silly fetch manifest has-proto@^1.0.1
475 silly fetch manifest has-symbols@^1.0.3
476 silly fetch manifest hasown@^2.0.0
477 silly placeDep ROOT object-inspect@1.13.1 OK for: side-channel@1.0.6 want: ^1.13.1
478 http fetch GET 200 https://registry.npmjs.org/function-bind 206ms (cache miss)
479 http fetch GET 200 https://registry.npmjs.org/hasown 199ms (cache miss)
480 http fetch GET 200 https://registry.npmjs.org/es-define-property 227ms (cache miss)
481 http fetch GET 200 https://registry.npmjs.org/has-proto 220ms (cache miss)
482 http fetch GET 200 https://registry.npmjs.org/has-symbols 220ms (cache miss)
483 http fetch GET 200 https://registry.npmjs.org/set-function-length 226ms (cache miss)
484 timing idealTree:node_modules/side-channel Completed in 238ms
485 silly placeDep ROOT es-define-property@1.0.0 OK for: call-bind@1.0.7 want: ^1.0.0
486 silly placeDep ROOT function-bind@1.1.2 OK for: call-bind@1.0.7 want: ^1.1.2
487 silly placeDep ROOT set-function-length@1.2.2 OK for: call-bind@1.0.7 want: ^1.2.1
488 silly fetch manifest define-data-property@^1.1.4
489 silly fetch manifest gopd@^1.0.1
490 silly fetch manifest has-property-descriptors@^1.0.2
491 http fetch GET 200 https://registry.npmjs.org/define-data-property 200ms (cache miss)
492 http fetch GET 200 https://registry.npmjs.org/has-property-descriptors 198ms (cache miss)
493 http fetch GET 200 https://registry.npmjs.org/gopd 236ms (cache miss)
494 timing idealTree:node_modules/call-bind Completed in 249ms
495 timing idealTree:node_modules/es-define-property Completed in 0ms
496 timing idealTree:node_modules/es-errors Completed in 0ms
497 timing idealTree:node_modules/function-bind Completed in 0ms
498 silly placeDep ROOT has-proto@1.0.3 OK for: get-intrinsic@1.2.4 want: ^1.0.1
499 silly placeDep ROOT has-symbols@1.0.3 OK for: get-intrinsic@1.2.4 want: ^1.0.3
500 silly placeDep ROOT hasown@2.0.2 OK for: get-intrinsic@1.2.4 want: ^2.0.0
501 timing idealTree:node_modules/get-intrinsic Completed in 11ms
502 timing idealTree:node_modules/has-proto Completed in 0ms
503 timing idealTree:node_modules/has-symbols Completed in 0ms
504 timing idealTree:node_modules/hasown Completed in 0ms
505 timing idealTree:node_modules/object-inspect Completed in 0ms
506 silly placeDep ROOT define-data-property@1.1.4 OK for: set-function-length@1.2.2 want: ^1.1.4
507 silly placeDep ROOT gopd@1.0.1 OK for: set-function-length@1.2.2 want: ^1.0.1
508 silly placeDep ROOT has-property-descriptors@1.0.2 OK for: set-function-length@1.2.2 want: ^1.0.2
509 timing idealTree:node_modules/set-function-length Completed in 10ms
510 timing idealTree:node_modules/define-data-property Completed in 0ms
511 timing idealTree:node_modules/gopd Completed in 0ms
512 timing idealTree:node_modules/has-property-descriptors Completed in 0ms
513 timing idealTree:buildDeps Completed in 8000ms
514 timing idealTree:fixDepFlags Completed in 2ms
515 timing idealTree Completed in 8018ms
516 timing reify:loadTrees Completed in 8020ms
517 timing reify:diffTrees Completed in 3ms
518 silly reify moves {}
519 timing reify:retireShallow Completed in 1ms
520 timing reify:createSparse Completed in 28ms
521 timing reify:trashOmits Completed in 0ms
522 timing reify:loadBundles Completed in 0ms
523 silly audit bulk request {
523 silly audit   'wx-server-sdk': [ '3.0.1' ],
523 silly audit   '@cloudbase/node-sdk': [ '2.10.0' ],
523 silly audit   'json-bigint': [ '1.0.0' ],
523 silly audit   protobufjs: [ '7.2.6' ],
523 silly audit   tslib: [ '1.14.1' ],
523 silly audit   '@cloudbase/database': [ '1.4.1' ],
523 silly audit   '@cloudbase/signature-nodejs': [ '1.0.0-beta.0' ],
523 silly audit   agentkeepalive: [ '4.5.0' ],
523 silly audit   axios: [ '0.21.4' ],
523 silly audit   jsonwebtoken: [ '8.5.1' ],
523 silly audit   request: [ '2.88.2' ],
523 silly audit   retry: [ '0.13.1' ],
523 silly audit   xml2js: [ '0.5.0' ],
523 silly audit   bson: [ '4.7.2' ],
523 silly audit   'lodash.clonedeep': [ '4.5.0' ],
523 silly audit   'lodash.set': [ '4.3.2' ],
523 silly audit   'lodash.unset': [ '4.5.2' ],
523 silly audit   '@types/clone': [ '0.1.30' ],
523 silly audit   clone: [ '2.1.2' ],
523 silly audit   'is-stream': [ '2.0.1' ],
523 silly audit   url: [ '0.11.3' ],
523 silly audit   'humanize-ms': [ '1.2.1' ],
523 silly audit   'follow-redirects': [ '1.15.6' ],
523 silly audit   buffer: [ '5.7.1' ],
523 silly audit   'base64-js': [ '1.5.1' ],
523 silly audit   ieee754: [ '1.2.1' ],
523 silly audit   ms: [ '2.1.3' ],
523 silly audit   'bignumber.js': [ '9.1.2' ],
523 silly audit   jws: [ '3.2.2' ],
523 silly audit   'lodash.includes': [ '4.3.0' ],
523 silly audit   'lodash.isboolean': [ '3.0.3' ],
523 silly audit   'lodash.isinteger': [ '4.0.4' ],
523 silly audit   'lodash.isnumber': [ '3.0.3' ],
523 silly audit   'lodash.isplainobject': [ '4.0.6' ],
523 silly audit   'lodash.isstring': [ '4.0.1' ],
523 silly audit   'lodash.once': [ '4.1.1' ],
523 silly audit   semver: [ '5.7.2' ],
523 silly audit   jwa: [ '1.4.1' ],
523 silly audit   'safe-buffer': [ '5.2.1' ],
523 silly audit   'buffer-equal-constant-time': [ '1.0.1' ],
523 silly audit   'ecdsa-sig-formatter': [ '1.0.11' ],
523 silly audit   '@protobufjs/aspromise': [ '1.1.2' ],
523 silly audit   '@protobufjs/base64': [ '1.1.2' ],
523 silly audit   '@protobufjs/codegen': [ '2.0.4' ],
523 silly audit   '@protobufjs/eventemitter': [ '1.1.0' ],
523 silly audit   '@protobufjs/fetch': [ '1.1.0' ],
523 silly audit   '@protobufjs/float': [ '1.0.2' ],
523 silly audit   '@protobufjs/inquire': [ '1.1.0' ],
523 silly audit   '@protobufjs/path': [ '1.1.2' ],
523 silly audit   '@protobufjs/pool': [ '1.1.0' ],
523 silly audit   '@protobufjs/utf8': [ '1.1.0' ],
523 silly audit   '@types/node': [ '20.12.7' ],
523 silly audit   long: [ '5.2.3' ],
523 silly audit   'undici-types': [ '5.26.5' ],
523 silly audit   'aws-sign2': [ '0.7.0' ],
523 silly audit   aws4: [ '1.12.0' ],
523 silly audit   caseless: [ '0.12.0' ],
523 silly audit   'combined-stream': [ '1.0.8' ],
523 silly audit   extend: [ '3.0.2' ],
523 silly audit   'forever-agent': [ '0.6.1' ],
523 silly audit   'form-data': [ '2.3.3' ],
523 silly audit   'har-validator': [ '5.1.5' ],
523 silly audit   'http-signature': [ '1.2.0' ],
523 silly audit   'is-typedarray': [ '1.0.0' ],
523 silly audit   isstream: [ '0.1.2' ],
523 silly audit   'json-stringify-safe': [ '5.0.1' ],
523 silly audit   'mime-types': [ '2.1.35' ],
523 silly audit   'oauth-sign': [ '0.9.0' ],
523 silly audit   'performance-now': [ '2.1.0' ],
523 silly audit   qs: [ '6.5.3', '6.12.1' ],
523 silly audit   'tough-cookie': [ '2.5.0' ],
523 silly audit   'tunnel-agent': [ '0.6.0' ],
523 silly audit   uuid: [ '3.4.0' ],
523 silly audit   'delayed-stream': [ '1.0.0' ],
523 silly audit   asynckit: [ '0.4.0' ],
523 silly audit   ajv: [ '6.12.6' ],
523 silly audit   'har-schema': [ '2.0.0' ],
523 silly audit   'fast-deep-equal': [ '3.1.3' ],
523 silly audit   'fast-json-stable-stringify': [ '2.1.0' ],
523 silly audit   'json-schema-traverse': [ '0.4.1' ],
523 silly audit   'uri-js': [ '4.4.1' ],
523 silly audit   'assert-plus': [ '1.0.0' ],
523 silly audit   jsprim: [ '1.4.2' ],
523 silly audit   sshpk: [ '1.18.0' ],
523 silly audit   extsprintf: [ '1.3.0' ],
523 silly audit   'json-schema': [ '0.4.0' ],
523 silly audit   verror: [ '1.10.0' ],
523 silly audit   'mime-db': [ '1.52.0' ],
523 silly audit   asn1: [ '0.2.6' ],
523 silly audit   'bcrypt-pbkdf': [ '1.0.2' ],
523 silly audit   dashdash: [ '1.14.1' ],
523 silly audit   'ecc-jsbn': [ '0.1.2' ],
523 silly audit   getpass: [ '0.1.7' ],
523 silly audit   jsbn: [ '0.1.1' ],
523 silly audit   'safer-buffer': [ '2.1.2' ],
523 silly audit   tweetnacl: [ '0.14.5' ],
523 silly audit   psl: [ '1.9.0' ],
523 silly audit   punycode: [ '2.3.1', '1.4.1' ],
523 silly audit   'core-util-is': [ '1.0.2' ],
523 silly audit   sax: [ '1.3.0' ],
523 silly audit   xmlbuilder: [ '11.0.1' ],
523 silly audit   'side-channel': [ '1.0.6' ],
523 silly audit   'call-bind': [ '1.0.7' ],
523 silly audit   'es-errors': [ '1.3.0' ],
523 silly audit   'get-intrinsic': [ '1.2.4' ],
523 silly audit   'object-inspect': [ '1.13.1' ],
523 silly audit   'es-define-property': [ '1.0.0' ],
523 silly audit   'function-bind': [ '1.1.2' ],
523 silly audit   'set-function-length': [ '1.2.2' ],
523 silly audit   'has-proto': [ '1.0.3' ],
523 silly audit   'has-symbols': [ '1.0.3' ],
523 silly audit   hasown: [ '2.0.2' ],
523 silly audit   'define-data-property': [ '1.1.4' ],
523 silly audit   gopd: [ '1.0.1' ],
523 silly audit   'has-property-descriptors': [ '1.0.2' ]
523 silly audit }
524 silly tarball no local data for has-proto@https://registry.npmjs.org/has-proto/-/has-proto-1.0.3.tgz. Extracting by manifest.
525 silly tarball no local data for has-property-descriptors@https://registry.npmjs.org/has-property-descriptors/-/has-property-descriptors-1.0.2.tgz. Extracting by manifest.
526 silly tarball no local data for gopd@https://registry.npmjs.org/gopd/-/gopd-1.0.1.tgz. Extracting by manifest.
527 silly tarball no local data for has-symbols@https://registry.npmjs.org/has-symbols/-/has-symbols-1.0.3.tgz. Extracting by manifest.
528 silly tarball no local data for hasown@https://registry.npmjs.org/hasown/-/hasown-2.0.2.tgz. Extracting by manifest.
529 silly tarball no local data for set-function-length@https://registry.npmjs.org/set-function-length/-/set-function-length-1.2.2.tgz. Extracting by manifest.
530 silly tarball no local data for define-data-property@https://registry.npmjs.org/define-data-property/-/define-data-property-1.1.4.tgz. Extracting by manifest.
531 silly tarball no local data for function-bind@https://registry.npmjs.org/function-bind/-/function-bind-1.1.2.tgz. Extracting by manifest.
532 silly tarball no local data for es-define-property@https://registry.npmjs.org/es-define-property/-/es-define-property-1.0.0.tgz. Extracting by manifest.
533 silly tarball no local data for object-inspect@https://registry.npmjs.org/object-inspect/-/object-inspect-1.13.1.tgz. Extracting by manifest.
534 silly tarball no local data for get-intrinsic@https://registry.npmjs.org/get-intrinsic/-/get-intrinsic-1.2.4.tgz. Extracting by manifest.
535 silly tarball no local data for es-errors@https://registry.npmjs.org/es-errors/-/es-errors-1.3.0.tgz. Extracting by manifest.
536 silly tarball no local data for xmlbuilder@https://registry.npmjs.org/xmlbuilder/-/xmlbuilder-11.0.1.tgz. Extracting by manifest.
537 silly tarball no local data for side-channel@https://registry.npmjs.org/side-channel/-/side-channel-1.0.6.tgz. Extracting by manifest.
538 silly tarball no local data for call-bind@https://registry.npmjs.org/call-bind/-/call-bind-1.0.7.tgz. Extracting by manifest.
539 silly tarball no local data for core-util-is@https://registry.npmjs.org/core-util-is/-/core-util-is-1.0.2.tgz. Extracting by manifest.
540 silly tarball no local data for sax@https://registry.npmjs.org/sax/-/sax-1.3.0.tgz. Extracting by manifest.
541 silly tarball no local data for psl@https://registry.npmjs.org/psl/-/psl-1.9.0.tgz. Extracting by manifest.
542 silly tarball no local data for punycode@https://registry.npmjs.org/punycode/-/punycode-2.3.1.tgz. Extracting by manifest.
543 silly tarball no local data for tweetnacl@https://registry.npmjs.org/tweetnacl/-/tweetnacl-0.14.5.tgz. Extracting by manifest.
544 silly tarball no local data for safer-buffer@https://registry.npmjs.org/safer-buffer/-/safer-buffer-2.1.2.tgz. Extracting by manifest.
545 silly tarball no local data for getpass@https://registry.npmjs.org/getpass/-/getpass-0.1.7.tgz. Extracting by manifest.
546 silly tarball no local data for jsbn@https://registry.npmjs.org/jsbn/-/jsbn-0.1.1.tgz. Extracting by manifest.
547 silly tarball no local data for ecc-jsbn@https://registry.npmjs.org/ecc-jsbn/-/ecc-jsbn-0.1.2.tgz. Extracting by manifest.
548 silly tarball no local data for dashdash@https://registry.npmjs.org/dashdash/-/dashdash-1.14.1.tgz. Extracting by manifest.
549 silly tarball no local data for bcrypt-pbkdf@https://registry.npmjs.org/bcrypt-pbkdf/-/bcrypt-pbkdf-1.0.2.tgz. Extracting by manifest.
550 silly tarball no local data for asn1@https://registry.npmjs.org/asn1/-/asn1-0.2.6.tgz. Extracting by manifest.
551 silly tarball no local data for mime-db@https://registry.npmjs.org/mime-db/-/mime-db-1.52.0.tgz. Extracting by manifest.
552 silly tarball no local data for verror@https://registry.npmjs.org/verror/-/verror-1.10.0.tgz. Extracting by manifest.
553 silly tarball no local data for json-schema@https://registry.npmjs.org/json-schema/-/json-schema-0.4.0.tgz. Extracting by manifest.
554 silly tarball no local data for extsprintf@https://registry.npmjs.org/extsprintf/-/extsprintf-1.3.0.tgz. Extracting by manifest.
555 silly tarball no local data for jsprim@https://registry.npmjs.org/jsprim/-/jsprim-1.4.2.tgz. Extracting by manifest.
556 silly tarball no local data for sshpk@https://registry.npmjs.org/sshpk/-/sshpk-1.18.0.tgz. Extracting by manifest.
557 silly tarball no local data for assert-plus@https://registry.npmjs.org/assert-plus/-/assert-plus-1.0.0.tgz. Extracting by manifest.
558 silly tarball no local data for uri-js@https://registry.npmjs.org/uri-js/-/uri-js-4.4.1.tgz. Extracting by manifest.
559 silly tarball no local data for json-schema-traverse@https://registry.npmjs.org/json-schema-traverse/-/json-schema-traverse-0.4.1.tgz. Extracting by manifest.
560 silly tarball no local data for fast-json-stable-stringify@https://registry.npmjs.org/fast-json-stable-stringify/-/fast-json-stable-stringify-2.1.0.tgz. Extracting by manifest.
561 silly tarball no local data for har-schema@https://registry.npmjs.org/har-schema/-/har-schema-2.0.0.tgz. Extracting by manifest.
562 silly tarball no local data for ajv@https://registry.npmjs.org/ajv/-/ajv-6.12.6.tgz. Extracting by manifest.
563 silly tarball no local data for asynckit@https://registry.npmjs.org/asynckit/-/asynckit-0.4.0.tgz. Extracting by manifest.
564 silly tarball no local data for uuid@https://registry.npmjs.org/uuid/-/uuid-3.4.0.tgz. Extracting by manifest.
565 silly tarball no local data for fast-deep-equal@https://registry.npmjs.org/fast-deep-equal/-/fast-deep-equal-3.1.3.tgz. Extracting by manifest.
566 silly tarball no local data for tunnel-agent@https://registry.npmjs.org/tunnel-agent/-/tunnel-agent-0.6.0.tgz. Extracting by manifest.
567 silly tarball no local data for tough-cookie@https://registry.npmjs.org/tough-cookie/-/tough-cookie-2.5.0.tgz. Extracting by manifest.
568 silly tarball no local data for delayed-stream@https://registry.npmjs.org/delayed-stream/-/delayed-stream-1.0.0.tgz. Extracting by manifest.
569 silly tarball no local data for qs@https://registry.npmjs.org/qs/-/qs-6.5.3.tgz. Extracting by manifest.
570 silly tarball no local data for performance-now@https://registry.npmjs.org/performance-now/-/performance-now-2.1.0.tgz. Extracting by manifest.
571 silly tarball no local data for oauth-sign@https://registry.npmjs.org/oauth-sign/-/oauth-sign-0.9.0.tgz. Extracting by manifest.
572 silly tarball no local data for is-typedarray@https://registry.npmjs.org/is-typedarray/-/is-typedarray-1.0.0.tgz. Extracting by manifest.
573 silly tarball no local data for mime-types@https://registry.npmjs.org/mime-types/-/mime-types-2.1.35.tgz. Extracting by manifest.
574 silly tarball no local data for json-stringify-safe@https://registry.npmjs.org/json-stringify-safe/-/json-stringify-safe-5.0.1.tgz. Extracting by manifest.
575 silly tarball no local data for isstream@https://registry.npmjs.org/isstream/-/isstream-0.1.2.tgz. Extracting by manifest.
576 silly tarball no local data for http-signature@https://registry.npmjs.org/http-signature/-/http-signature-1.2.0.tgz. Extracting by manifest.
577 silly tarball no local data for har-validator@https://registry.npmjs.org/har-validator/-/har-validator-5.1.5.tgz. Extracting by manifest.
578 silly tarball no local data for form-data@https://registry.npmjs.org/form-data/-/form-data-2.3.3.tgz. Extracting by manifest.
579 silly tarball no local data for extend@https://registry.npmjs.org/extend/-/extend-3.0.2.tgz. Extracting by manifest.
580 silly tarball no local data for combined-stream@https://registry.npmjs.org/combined-stream/-/combined-stream-1.0.8.tgz. Extracting by manifest.
581 silly tarball no local data for forever-agent@https://registry.npmjs.org/forever-agent/-/forever-agent-0.6.1.tgz. Extracting by manifest.
582 silly tarball no local data for caseless@https://registry.npmjs.org/caseless/-/caseless-0.12.0.tgz. Extracting by manifest.
583 silly tarball no local data for aws4@https://registry.npmjs.org/aws4/-/aws4-1.12.0.tgz. Extracting by manifest.
584 silly tarball no local data for long@https://registry.npmjs.org/long/-/long-5.2.3.tgz. Extracting by manifest.
585 silly tarball no local data for aws-sign2@https://registry.npmjs.org/aws-sign2/-/aws-sign2-0.7.0.tgz. Extracting by manifest.
586 silly tarball no local data for undici-types@https://registry.npmjs.org/undici-types/-/undici-types-5.26.5.tgz. Extracting by manifest.
587 silly tarball no local data for @types/node@https://registry.npmjs.org/@types/node/-/node-20.12.7.tgz. Extracting by manifest.
588 silly tarball no local data for @protobufjs/pool@https://registry.npmjs.org/@protobufjs/pool/-/pool-1.1.0.tgz. Extracting by manifest.
589 silly tarball no local data for @protobufjs/utf8@https://registry.npmjs.org/@protobufjs/utf8/-/utf8-1.1.0.tgz. Extracting by manifest.
590 silly tarball no local data for @protobufjs/path@https://registry.npmjs.org/@protobufjs/path/-/path-1.1.2.tgz. Extracting by manifest.
591 silly tarball no local data for @protobufjs/fetch@https://registry.npmjs.org/@protobufjs/fetch/-/fetch-1.1.0.tgz. Extracting by manifest.
592 silly tarball no local data for @protobufjs/inquire@https://registry.npmjs.org/@protobufjs/inquire/-/inquire-1.1.0.tgz. Extracting by manifest.
593 silly tarball no local data for @protobufjs/float@https://registry.npmjs.org/@protobufjs/float/-/float-1.0.2.tgz. Extracting by manifest.
594 silly tarball no local data for @protobufjs/eventemitter@https://registry.npmjs.org/@protobufjs/eventemitter/-/eventemitter-1.1.0.tgz. Extracting by manifest.
595 silly tarball no local data for @protobufjs/base64@https://registry.npmjs.org/@protobufjs/base64/-/base64-1.1.2.tgz. Extracting by manifest.
596 silly tarball no local data for @protobufjs/codegen@https://registry.npmjs.org/@protobufjs/codegen/-/codegen-2.0.4.tgz. Extracting by manifest.
597 silly tarball no local data for ecdsa-sig-formatter@https://registry.npmjs.org/ecdsa-sig-formatter/-/ecdsa-sig-formatter-1.0.11.tgz. Extracting by manifest.
598 silly tarball no local data for @protobufjs/aspromise@https://registry.npmjs.org/@protobufjs/aspromise/-/aspromise-1.1.2.tgz. Extracting by manifest.
599 silly tarball no local data for jwa@https://registry.npmjs.org/jwa/-/jwa-1.4.1.tgz. Extracting by manifest.
600 silly tarball no local data for buffer-equal-constant-time@https://registry.npmjs.org/buffer-equal-constant-time/-/buffer-equal-constant-time-1.0.1.tgz. Extracting by manifest.
601 silly tarball no local data for semver@https://registry.npmjs.org/semver/-/semver-5.7.2.tgz. Extracting by manifest.
602 silly tarball no local data for safe-buffer@https://registry.npmjs.org/safe-buffer/-/safe-buffer-5.2.1.tgz. Extracting by manifest.
603 silly tarball no local data for lodash.once@https://registry.npmjs.org/lodash.once/-/lodash.once-4.1.1.tgz. Extracting by manifest.
604 silly tarball no local data for lodash.isplainobject@https://registry.npmjs.org/lodash.isplainobject/-/lodash.isplainobject-4.0.6.tgz. Extracting by manifest.
605 silly tarball no local data for lodash.isinteger@https://registry.npmjs.org/lodash.isinteger/-/lodash.isinteger-4.0.4.tgz. Extracting by manifest.
606 silly tarball no local data for lodash.isnumber@https://registry.npmjs.org/lodash.isnumber/-/lodash.isnumber-3.0.3.tgz. Extracting by manifest.
607 silly tarball no local data for lodash.isstring@https://registry.npmjs.org/lodash.isstring/-/lodash.isstring-4.0.1.tgz. Extracting by manifest.
608 silly tarball no local data for lodash.isboolean@https://registry.npmjs.org/lodash.isboolean/-/lodash.isboolean-3.0.3.tgz. Extracting by manifest.
609 silly tarball no local data for jws@https://registry.npmjs.org/jws/-/jws-3.2.2.tgz. Extracting by manifest.
610 silly tarball no local data for lodash.includes@https://registry.npmjs.org/lodash.includes/-/lodash.includes-4.3.0.tgz. Extracting by manifest.
611 silly tarball no local data for ieee754@https://registry.npmjs.org/ieee754/-/ieee754-1.2.1.tgz. Extracting by manifest.
612 silly tarball no local data for ms@https://registry.npmjs.org/ms/-/ms-2.1.3.tgz. Extracting by manifest.
613 silly tarball no local data for bignumber.js@https://registry.npmjs.org/bignumber.js/-/bignumber.js-9.1.2.tgz. Extracting by manifest.
614 silly tarball no local data for buffer@https://registry.npmjs.org/buffer/-/buffer-5.7.1.tgz. Extracting by manifest.
615 silly tarball no local data for base64-js@https://registry.npmjs.org/base64-js/-/base64-js-1.5.1.tgz. Extracting by manifest.
616 silly tarball no local data for is-stream@https://registry.npmjs.org/is-stream/-/is-stream-2.0.1.tgz. Extracting by manifest.
617 silly tarball no local data for humanize-ms@https://registry.npmjs.org/humanize-ms/-/humanize-ms-1.2.1.tgz. Extracting by manifest.
618 silly tarball no local data for follow-redirects@https://registry.npmjs.org/follow-redirects/-/follow-redirects-1.15.6.tgz. Extracting by manifest.
619 silly tarball no local data for clone@https://registry.npmjs.org/clone/-/clone-2.1.2.tgz. Extracting by manifest.
620 silly tarball no local data for url@https://registry.npmjs.org/url/-/url-0.11.3.tgz. Extracting by manifest.
621 silly tarball no local data for @types/clone@https://registry.npmjs.org/@types/clone/-/clone-0.1.30.tgz. Extracting by manifest.
622 silly tarball no local data for lodash.set@https://registry.npmjs.org/lodash.set/-/lodash.set-4.3.2.tgz. Extracting by manifest.
623 silly tarball no local data for lodash.unset@https://registry.npmjs.org/lodash.unset/-/lodash.unset-4.5.2.tgz. Extracting by manifest.
624 silly tarball no local data for lodash.clonedeep@https://registry.npmjs.org/lodash.clonedeep/-/lodash.clonedeep-4.5.0.tgz. Extracting by manifest.
625 silly tarball no local data for bson@https://registry.npmjs.org/bson/-/bson-4.7.2.tgz. Extracting by manifest.
626 silly tarball no local data for xml2js@https://registry.npmjs.org/xml2js/-/xml2js-0.5.0.tgz. Extracting by manifest.
627 silly tarball no local data for request@https://registry.npmjs.org/request/-/request-2.88.2.tgz. Extracting by manifest.
628 silly tarball no local data for jsonwebtoken@https://registry.npmjs.org/jsonwebtoken/-/jsonwebtoken-8.5.1.tgz. Extracting by manifest.
629 silly tarball no local data for retry@https://registry.npmjs.org/retry/-/retry-0.13.1.tgz. Extracting by manifest.
630 silly tarball no local data for axios@https://registry.npmjs.org/axios/-/axios-0.21.4.tgz. Extracting by manifest.
631 silly tarball no local data for agentkeepalive@https://registry.npmjs.org/agentkeepalive/-/agentkeepalive-4.5.0.tgz. Extracting by manifest.
632 silly tarball no local data for @cloudbase/signature-nodejs@https://registry.npmjs.org/@cloudbase/signature-nodejs/-/signature-nodejs-1.0.0-beta.0.tgz. Extracting by manifest.
633 silly tarball no local data for @cloudbase/database@https://registry.npmjs.org/@cloudbase/database/-/database-1.4.1.tgz. Extracting by manifest.
634 silly tarball no local data for tslib@https://registry.npmjs.org/tslib/-/tslib-1.14.1.tgz. Extracting by manifest.
635 silly tarball no local data for protobufjs@https://registry.npmjs.org/protobufjs/-/protobufjs-7.2.6.tgz. Extracting by manifest.
636 silly tarball no local data for wx-server-sdk@https://registry.npmjs.org/wx-server-sdk/-/wx-server-sdk-3.0.1.tgz. Extracting by manifest.
637 silly tarball no local data for json-bigint@https://registry.npmjs.org/json-bigint/-/json-bigint-1.0.0.tgz. Extracting by manifest.
638 silly tarball no local data for @cloudbase/node-sdk@https://registry.npmjs.org/@cloudbase/node-sdk/-/node-sdk-2.10.0.tgz. Extracting by manifest.
639 silly tarball no local data for punycode@https://registry.npmjs.org/punycode/-/punycode-1.4.1.tgz. Extracting by manifest.
640 silly tarball no local data for qs@https://registry.npmjs.org/qs/-/qs-6.12.1.tgz. Extracting by manifest.
641 http fetch POST 200 https://registry.npmjs.org/-/npm/v1/security/advisories/bulk 248ms
642 timing auditReport:getReport Completed in 252ms
643 silly audit report {
643 silly audit report   axios: [
643 silly audit report     {
643 silly audit report       id: 1096525,
643 silly audit report       url: 'https://github.com/advisories/GHSA-wf5p-g6vw-rhxx',
643 silly audit report       title: 'Axios Cross-Site Request Forgery Vulnerability',
643 silly audit report       severity: 'moderate',
643 silly audit report       vulnerable_versions: '>=0.8.1 <0.28.0',
643 silly audit report       cwe: [Array],
643 silly audit report       cvss: [Object]
643 silly audit report     }
643 silly audit report   ],
643 silly audit report   jsonwebtoken: [
643 silly audit report     {
643 silly audit report       id: 1091087,
643 silly audit report       url: 'https://github.com/advisories/GHSA-hjrf-2m68-5959',
643 silly audit report       title: "jsonwebtoken's insecure implementation of key retrieval function could lead to Forgeable Public/Private Tokens from RSA to HMAC",
643 silly audit report       severity: 'moderate',
643 silly audit report       vulnerable_versions: '<=8.5.1',
643 silly audit report       cwe: [Array],
643 silly audit report       cvss: [Object]
643 silly audit report     },
643 silly audit report     {
643 silly audit report       id: 1092549,
643 silly audit report       url: 'https://github.com/advisories/GHSA-qwph-4952-7xr6',
643 silly audit report       title: 'jsonwebtoken vulnerable to signature validation bypass due to insecure default algorithm in jwt.verify()',
643 silly audit report       severity: 'moderate',
643 silly audit report       vulnerable_versions: '<9.0.0',
643 silly audit report       cwe: [Array],
643 silly audit report       cvss: [Object]
643 silly audit report     },
643 silly audit report     {
643 silly audit report       id: 1089434,
643 silly audit report       url: 'https://github.com/advisories/GHSA-8cf7-32gw-wr33',
643 silly audit report       title: 'jsonwebtoken unrestricted key type could lead to legacy keys usage ',
643 silly audit report       severity: 'moderate',
643 silly audit report       vulnerable_versions: '<=8.5.1',
643 silly audit report       cwe: [Array],
643 silly audit report       cvss: [Object]
643 silly audit report     }
643 silly audit report   ],
643 silly audit report   request: [
643 silly audit report     {
643 silly audit report       id: 1096727,
643 silly audit report       url: 'https://github.com/advisories/GHSA-p8p7-x288-28g6',
643 silly audit report       title: 'Server-Side Request Forgery in Request',
643 silly audit report       severity: 'moderate',
643 silly audit report       vulnerable_versions: '<=2.88.2',
643 silly audit report       cwe: [Array],
643 silly audit report       cvss: [Object]
643 silly audit report     }
643 silly audit report   ],
643 silly audit report   'lodash.set': [
643 silly audit report     {
643 silly audit report       id: 1096302,
643 silly audit report       url: 'https://github.com/advisories/GHSA-p6mc-m468-83gw',
643 silly audit report       title: 'Prototype Pollution in lodash',
643 silly audit report       severity: 'high',
643 silly audit report       vulnerable_versions: '>=3.7.0 <=4.3.2',
643 silly audit report       cwe: [Array],
643 silly audit report       cvss: [Object]
643 silly audit report     }
643 silly audit report   ],
643 silly audit report   'tough-cookie': [
643 silly audit report     {
643 silly audit report       id: 1096643,
643 silly audit report       url: 'https://github.com/advisories/GHSA-72xf-g2v4-qvf3',
643 silly audit report       title: 'tough-cookie Prototype Pollution vulnerability',
643 silly audit report       severity: 'moderate',
643 silly audit report       vulnerable_versions: '<4.1.3',
643 silly audit report       cwe: [Array],
643 silly audit report       cvss: [Object]
643 silly audit report     }
643 silly audit report   ]
643 silly audit report }
644 timing metavuln:packument:axios Completed in 4ms
645 timing metavuln:packument:jsonwebtoken Completed in 3ms
646 timing metavuln:packument:request Completed in 2ms
647 timing metavuln:packument:lodash.set Completed in 1ms
648 timing metavuln:packument:tough-cookie Completed in 1ms
649 timing metavuln:cache:get:security-advisory:axios:DWOj4TL+QC2jnljHYf8aCi6iPBcYq+0LOKjdzNVokECbG1iHEswe3GrSJSIK7xUS0P6cxBtfohelQazrR3iLYA== Completed in 4ms
650 timing metavuln:load:security-advisory:axios:1096525 Completed in 4ms
651 timing metavuln:cache:get:security-advisory:jsonwebtoken:Kn51MmsngUxBuIgNxgGfu3qtS4Ii7Ie7jRlegMh4bToy9DcU2PrOzltuegyS6N0s0ZaAxg3Vnc0BuWV4Cd6zmw== Completed in 8ms
652 timing metavuln:load:security-advisory:jsonwebtoken:1091087 Completed in 2ms
653 timing metavuln:cache:get:security-advisory:jsonwebtoken:TC4dhaPggOUswnYry3sk8eoA9hQ4q4qW/VIRpe/gvM5IwHluwTjRUPixB4O4OTFTRm1jpSInStg7KXci6a958Q== Completed in 9ms
654 timing metavuln:load:security-advisory:jsonwebtoken:1092549 Completed in 2ms
655 timing metavuln:cache:get:security-advisory:jsonwebtoken:FfLTOpI0aB2F4QxD/y9B5+/QWKv2pNnCR+747v9O8iM6BrNFXZ+8dztNSJoXuUyU2b9AvJog7eha5SXmaQP3cw== Completed in 11ms
656 timing metavuln:load:security-advisory:jsonwebtoken:1089434 Completed in 2ms
657 timing metavuln:cache:get:security-advisory:request:YWMj9j1MPluG/i7GM3/il619Yyh/e9mxa0CiULhZGXRZl+TQlFyAG7gUf9x/Cj8XvveNYjOq7h13G6ZKSAmEzg== Completed in 13ms
658 timing metavuln:load:security-advisory:request:1096727 Completed in 3ms
659 timing metavuln:cache:get:security-advisory:lodash.set:dXjwvbo6s94a13GRaYDFX4VTVW9eAXJTwdkbUYCV+9XUuXgFqz83ibr3afFI6MlbH4LcBoGEDwYhFQGdZglzuQ== Completed in 16ms
660 timing metavuln:load:security-advisory:lodash.set:1096302 Completed in 0ms
661 timing metavuln:cache:get:security-advisory:tough-cookie:aRAKLXbWov0kh0wFEWh9hABwUzFKLqVC3S7BUYhe4AGRd2ip956OwrgiPOzilK72rHxXNz1q8TFxqHD0molnrw== Completed in 17ms
662 timing metavuln:load:security-advisory:tough-cookie:1096643 Completed in 1ms
663 timing metavuln:cache:put:security-advisory:jsonwebtoken:Kn51MmsngUxBuIgNxgGfu3qtS4Ii7Ie7jRlegMh4bToy9DcU2PrOzltuegyS6N0s0ZaAxg3Vnc0BuWV4Cd6zmw== Completed in 20ms
664 timing metavuln:calculate:security-advisory:jsonwebtoken:1091087 Completed in 30ms
665 timing metavuln:cache:put:security-advisory:tough-cookie:aRAKLXbWov0kh0wFEWh9hABwUzFKLqVC3S7BUYhe4AGRd2ip956OwrgiPOzilK72rHxXNz1q8TFxqHD0molnrw== Completed in 10ms
666 timing metavuln:calculate:security-advisory:tough-cookie:1096643 Completed in 28ms
667 timing metavuln:cache:put:security-advisory:lodash.set:dXjwvbo6s94a13GRaYDFX4VTVW9eAXJTwdkbUYCV+9XUuXgFqz83ibr3afFI6MlbH4LcBoGEDwYhFQGdZglzuQ== Completed in 12ms
668 timing metavuln:calculate:security-advisory:lodash.set:1096302 Completed in 29ms
669 timing metavuln:cache:put:security-advisory:jsonwebtoken:TC4dhaPggOUswnYry3sk8eoA9hQ4q4qW/VIRpe/gvM5IwHluwTjRUPixB4O4OTFTRm1jpSInStg7KXci6a958Q== Completed in 19ms
670 timing metavuln:calculate:security-advisory:jsonwebtoken:1092549 Completed in 30ms
671 timing metavuln:cache:put:security-advisory:axios:DWOj4TL+QC2jnljHYf8aCi6iPBcYq+0LOKjdzNVokECbG1iHEswe3GrSJSIK7xUS0P6cxBtfohelQazrR3iLYA== Completed in 24ms
672 timing metavuln:calculate:security-advisory:axios:1096525 Completed in 33ms
673 timing metavuln:cache:put:security-advisory:request:YWMj9j1MPluG/i7GM3/il619Yyh/e9mxa0CiULhZGXRZl+TQlFyAG7gUf9x/Cj8XvveNYjOq7h13G6ZKSAmEzg== Completed in 14ms
674 timing metavuln:calculate:security-advisory:request:1096727 Completed in 31ms
675 timing metavuln:cache:put:security-advisory:jsonwebtoken:FfLTOpI0aB2F4QxD/y9B5+/QWKv2pNnCR+747v9O8iM6BrNFXZ+8dztNSJoXuUyU2b9AvJog7eha5SXmaQP3cw== Completed in 18ms
676 timing metavuln:calculate:security-advisory:jsonwebtoken:1089434 Completed in 31ms
677 timing metavuln:packument:@cloudbase/node-sdk Completed in 0ms
678 timing metavuln:cache:get:security-advisory:@cloudbase/node-sdk:8a7fw+dQ5eKl4TjSYEiD1PF6Cld0UxXpfjanY5UL6f60OZtzJBPQLhHhdG9TMNPu0grFrHcHY/4VUbLr72Ermg== Completed in 1ms
679 timing metavuln:load:security-advisory:@cloudbase/node-sdk:DWOj4TL+QC2jnljHYf8aCi6iPBcYq+0LOKjdzNVokECbG1iHEswe3GrSJSIK7xUS0P6cxBtfohelQazrR3iLYA== Completed in 9ms
680 timing metavuln:cache:put:security-advisory:@cloudbase/node-sdk:8a7fw+dQ5eKl4TjSYEiD1PF6Cld0UxXpfjanY5UL6f60OZtzJBPQLhHhdG9TMNPu0grFrHcHY/4VUbLr72Ermg== Completed in 5ms
681 timing metavuln:calculate:security-advisory:@cloudbase/node-sdk:DWOj4TL+QC2jnljHYf8aCi6iPBcYq+0LOKjdzNVokECbG1iHEswe3GrSJSIK7xUS0P6cxBtfohelQazrR3iLYA== Completed in 16ms
682 timing metavuln:cache:get:security-advisory:@cloudbase/node-sdk:/pNpxyRp3B/ZAXJ9Fz+A+X613NzVICWFcPsnW367xdi9/JUmj5Ox1aCBuPlP4d8Z3GuwoxxiZqK9spu/u5cXmg== Completed in 1ms
683 timing metavuln:load:security-advisory:@cloudbase/node-sdk:Kn51MmsngUxBuIgNxgGfu3qtS4Ii7Ie7jRlegMh4bToy9DcU2PrOzltuegyS6N0s0ZaAxg3Vnc0BuWV4Cd6zmw== Completed in 8ms
684 timing metavuln:cache:put:security-advisory:@cloudbase/node-sdk:/pNpxyRp3B/ZAXJ9Fz+A+X613NzVICWFcPsnW367xdi9/JUmj5Ox1aCBuPlP4d8Z3GuwoxxiZqK9spu/u5cXmg== Completed in 5ms
685 timing metavuln:calculate:security-advisory:@cloudbase/node-sdk:Kn51MmsngUxBuIgNxgGfu3qtS4Ii7Ie7jRlegMh4bToy9DcU2PrOzltuegyS6N0s0ZaAxg3Vnc0BuWV4Cd6zmw== Completed in 14ms
686 timing metavuln:cache:get:security-advisory:@cloudbase/node-sdk:6/Sdu0ghpaMFWJVMnN+tpqGoTscKY2Uw+XiPYjK2rS1yvQCjp3Z+vpncu7n2AsLJHs9odO/mV5KThxxVB7ljFw== Completed in 1ms
687 timing metavuln:load:security-advisory:@cloudbase/node-sdk:YWMj9j1MPluG/i7GM3/il619Yyh/e9mxa0CiULhZGXRZl+TQlFyAG7gUf9x/Cj8XvveNYjOq7h13G6ZKSAmEzg== Completed in 8ms
688 timing metavuln:cache:put:security-advisory:@cloudbase/node-sdk:6/Sdu0ghpaMFWJVMnN+tpqGoTscKY2Uw+XiPYjK2rS1yvQCjp3Z+vpncu7n2AsLJHs9odO/mV5KThxxVB7ljFw== Completed in 6ms
689 timing metavuln:calculate:security-advisory:@cloudbase/node-sdk:YWMj9j1MPluG/i7GM3/il619Yyh/e9mxa0CiULhZGXRZl+TQlFyAG7gUf9x/Cj8XvveNYjOq7h13G6ZKSAmEzg== Completed in 15ms
690 timing metavuln:packument:@cloudbase/database Completed in 1ms
691 timing metavuln:cache:get:security-advisory:@cloudbase/database:fw8/BOQRYd40NOR9AJT0c0zbl/NUjHubaAjpb2eymRisvj7XoJD3Eki5cSPrXZkZmJO9J/T2NguouKTrX4hehw== Completed in 17ms
692 timing metavuln:load:security-advisory:@cloudbase/database:dXjwvbo6s94a13GRaYDFX4VTVW9eAXJTwdkbUYCV+9XUuXgFqz83ibr3afFI6MlbH4LcBoGEDwYhFQGdZglzuQ== Completed in 2ms
693 http fetch GET 200 https://registry.npmjs.org/set-function-length/-/set-function-length-1.2.2.tgz 405ms (cache miss)
694 http fetch GET 200 https://registry.npmjs.org/function-bind/-/function-bind-1.1.2.tgz 404ms (cache miss)
695 http fetch GET 200 https://registry.npmjs.org/gopd/-/gopd-1.0.1.tgz 414ms (cache miss)
696 http fetch GET 200 https://registry.npmjs.org/has-property-descriptors/-/has-property-descriptors-1.0.2.tgz 416ms (cache miss)
697 http fetch GET 200 https://registry.npmjs.org/get-intrinsic/-/get-intrinsic-1.2.4.tgz 417ms (cache miss)
698 http fetch GET 200 https://registry.npmjs.org/hasown/-/hasown-2.0.2.tgz 422ms (cache miss)
699 timing metavuln:cache:put:security-advisory:@cloudbase/database:fw8/BOQRYd40NOR9AJT0c0zbl/NUjHubaAjpb2eymRisvj7XoJD3Eki5cSPrXZkZmJO9J/T2NguouKTrX4hehw== Completed in 134ms
700 timing metavuln:calculate:security-advisory:@cloudbase/database:dXjwvbo6s94a13GRaYDFX4VTVW9eAXJTwdkbUYCV+9XUuXgFqz83ibr3afFI6MlbH4LcBoGEDwYhFQGdZglzuQ== Completed in 153ms
701 timing metavuln:cache:get:security-advisory:request:zPhZZyPBfcop7cTKucPn7aizK+wXNuO7ZeO3UiULmVlXQh/x4BiBim/gNJOcE+SrLM0lKM4edgESKf2kCKO+MA== Completed in 2ms
702 timing metavuln:load:security-advisory:request:aRAKLXbWov0kh0wFEWh9hABwUzFKLqVC3S7BUYhe4AGRd2ip956OwrgiPOzilK72rHxXNz1q8TFxqHD0molnrw== Completed in 11ms
703 timing reifyNode:node_modules/gopd Completed in 552ms
704 http fetch GET 200 https://registry.npmjs.org/has-proto/-/has-proto-1.0.3.tgz 559ms (cache miss)
705 timing reifyNode:node_modules/has-property-descriptors Completed in 612ms
706 timing reifyNode:node_modules/hasown Completed in 615ms
707 timing metavuln:cache:put:security-advisory:request:zPhZZyPBfcop7cTKucPn7aizK+wXNuO7ZeO3UiULmVlXQh/x4BiBim/gNJOcE+SrLM0lKM4edgESKf2kCKO+MA== Completed in 124ms
708 timing metavuln:calculate:security-advisory:request:aRAKLXbWov0kh0wFEWh9hABwUzFKLqVC3S7BUYhe4AGRd2ip956OwrgiPOzilK72rHxXNz1q8TFxqHD0molnrw== Completed in 137ms
709 timing metavuln:packument:wx-server-sdk Completed in 1ms
710 timing metavuln:cache:get:security-advisory:wx-server-sdk:q/24S6KxprzSOpC3K4XQ2FDxMAys3vQTx6noA6LYbNh7TFFqEMCfA11exVEOA4kjY8NVI6zSBDkonIz6BgAgSw== Completed in 7ms
711 timing metavuln:load:security-advisory:wx-server-sdk:8a7fw+dQ5eKl4TjSYEiD1PF6Cld0UxXpfjanY5UL6f60OZtzJBPQLhHhdG9TMNPu0grFrHcHY/4VUbLr72Ermg== Completed in 13ms
712 timing reifyNode:node_modules/get-intrinsic Completed in 637ms
713 timing reifyNode:node_modules/has-proto Completed in 642ms
714 http fetch GET 200 https://registry.npmjs.org/es-define-property/-/es-define-property-1.0.0.tgz 592ms (cache miss)
715 timing reifyNode:node_modules/es-define-property Completed in 654ms
716 http fetch GET 200 https://registry.npmjs.org/es-errors/-/es-errors-1.3.0.tgz 601ms (cache miss)
717 http fetch GET 200 https://registry.npmjs.org/sax/-/sax-1.3.0.tgz 599ms (cache miss)
718 http fetch GET 200 https://registry.npmjs.org/getpass/-/getpass-0.1.7.tgz 597ms (cache miss)
719 http fetch GET 200 https://registry.npmjs.org/side-channel/-/side-channel-1.0.6.tgz 603ms (cache miss)
720 timing reifyNode:node_modules/set-function-length Completed in 662ms
721 http fetch GET 200 https://registry.npmjs.org/jsbn/-/jsbn-0.1.1.tgz 600ms (cache miss)
722 http fetch GET 200 https://registry.npmjs.org/punycode/-/punycode-2.3.1.tgz 603ms (cache miss)
723 timing reifyNode:node_modules/function-bind Completed in 664ms
724 timing reifyNode:node_modules/sax Completed in 667ms
725 timing reifyNode:node_modules/side-channel Completed in 670ms
726 timing reifyNode:node_modules/punycode Completed in 674ms
727 http fetch GET 200 https://registry.npmjs.org/has-symbols/-/has-symbols-1.0.3.tgz 624ms (cache miss)
728 http fetch GET 200 https://registry.npmjs.org/core-util-is/-/core-util-is-1.0.2.tgz 618ms (cache miss)
729 timing reifyNode:node_modules/has-symbols Completed in 686ms
730 timing reifyNode:node_modules/core-util-is Completed in 687ms
731 timing metavuln:cache:put:security-advisory:wx-server-sdk:q/24S6KxprzSOpC3K4XQ2FDxMAys3vQTx6noA6LYbNh7TFFqEMCfA11exVEOA4kjY8NVI6zSBDkonIz6BgAgSw== Completed in 54ms
732 timing metavuln:calculate:security-advisory:wx-server-sdk:8a7fw+dQ5eKl4TjSYEiD1PF6Cld0UxXpfjanY5UL6f60OZtzJBPQLhHhdG9TMNPu0grFrHcHY/4VUbLr72Ermg== Completed in 75ms
733 timing metavuln:cache:get:security-advisory:@cloudbase/node-sdk:/Ud9c5yEnfBchaRaXpYtJkOnwXq8sdMts71j0IGhOn058oA7dROPKtOOAcNhrGwSLVrVdFg9DQgkprc/z/jGNg== Completed in 1ms
734 timing metavuln:load:security-advisory:@cloudbase/node-sdk:fw8/BOQRYd40NOR9AJT0c0zbl/NUjHubaAjpb2eymRisvj7XoJD3Eki5cSPrXZkZmJO9J/T2NguouKTrX4hehw== Completed in 15ms
735 timing reifyNode:node_modules/getpass Completed in 708ms
736 http fetch GET 200 https://registry.npmjs.org/call-bind/-/call-bind-1.0.7.tgz 660ms (cache miss)
737 http fetch GET 200 https://registry.npmjs.org/bcrypt-pbkdf/-/bcrypt-pbkdf-1.0.2.tgz 655ms (cache miss)
738 timing reifyNode:node_modules/call-bind Completed in 726ms
739 timing reifyNode:node_modules/bcrypt-pbkdf Completed in 726ms
740 timing reifyNode:node_modules/jsbn Completed in 742ms
741 http fetch GET 200 https://registry.npmjs.org/dashdash/-/dashdash-1.14.1.tgz 686ms (cache miss)
742 timing reifyNode:node_modules/dashdash Completed in 764ms
743 http fetch GET 200 https://registry.npmjs.org/ecc-jsbn/-/ecc-jsbn-0.1.2.tgz 701ms (cache miss)
744 timing reifyNode:node_modules/ecc-jsbn Completed in 794ms
745 timing metavuln:cache:put:security-advisory:@cloudbase/node-sdk:/Ud9c5yEnfBchaRaXpYtJkOnwXq8sdMts71j0IGhOn058oA7dROPKtOOAcNhrGwSLVrVdFg9DQgkprc/z/jGNg== Completed in 100ms
746 timing metavuln:calculate:security-advisory:@cloudbase/node-sdk:fw8/BOQRYd40NOR9AJT0c0zbl/NUjHubaAjpb2eymRisvj7XoJD3Eki5cSPrXZkZmJO9J/T2NguouKTrX4hehw== Completed in 118ms
747 timing auditReport:init Completed in 575ms
748 timing reify:audit Completed in 828ms
749 http fetch GET 200 https://registry.npmjs.org/define-data-property/-/define-data-property-1.1.4.tgz 784ms (cache miss)
750 timing reifyNode:node_modules/define-data-property Completed in 849ms
751 http fetch GET 200 https://registry.npmjs.org/jsprim/-/jsprim-1.4.2.tgz 801ms (cache miss)
752 http fetch GET 200 https://registry.npmjs.org/json-schema/-/json-schema-0.4.0.tgz 804ms (cache miss)
753 http fetch GET 200 https://registry.npmjs.org/safer-buffer/-/safer-buffer-2.1.2.tgz 831ms (cache miss)
754 timing reifyNode:node_modules/safer-buffer Completed in 892ms
755 http fetch GET 200 https://registry.npmjs.org/assert-plus/-/assert-plus-1.0.0.tgz 830ms (cache miss)
756 http fetch GET 200 https://registry.npmjs.org/har-schema/-/har-schema-2.0.0.tgz 826ms (cache miss)
757 timing reifyNode:node_modules/json-schema Completed in 907ms
758 timing reifyNode:node_modules/assert-plus Completed in 907ms
759 http fetch GET 200 https://registry.npmjs.org/verror/-/verror-1.10.0.tgz 844ms (cache miss)
760 http fetch GET 200 https://registry.npmjs.org/tweetnacl/-/tweetnacl-0.14.5.tgz 852ms (cache miss)
761 timing reifyNode:node_modules/verror Completed in 918ms
762 timing reifyNode:node_modules/tweetnacl Completed in 937ms
763 timing reifyNode:node_modules/jsprim Completed in 937ms
764 http fetch GET 200 https://registry.npmjs.org/mime-db/-/mime-db-1.52.0.tgz 892ms (cache miss)
765 http fetch GET 200 https://registry.npmjs.org/psl/-/psl-1.9.0.tgz 909ms (cache miss)
766 timing reifyNode:node_modules/psl Completed in 989ms
767 timing reifyNode:node_modules/mime-db Completed in 990ms
768 http fetch GET 200 https://registry.npmjs.org/asn1/-/asn1-0.2.6.tgz 951ms (cache miss)
769 http fetch GET 200 https://registry.npmjs.org/extsprintf/-/extsprintf-1.3.0.tgz 957ms (cache miss)
770 http fetch GET 200 https://registry.npmjs.org/json-schema-traverse/-/json-schema-traverse-0.4.1.tgz 953ms (cache miss)
771 timing reifyNode:node_modules/asn1 Completed in 1033ms
772 timing reifyNode:node_modules/extsprintf Completed in 1040ms
773 timing reifyNode:node_modules/json-schema-traverse Completed in 1046ms
774 http fetch GET 200 https://registry.npmjs.org/uuid/-/uuid-3.4.0.tgz 975ms (cache miss)
775 http fetch GET 200 https://registry.npmjs.org/asynckit/-/asynckit-0.4.0.tgz 981ms (cache miss)
776 http fetch GET 200 https://registry.npmjs.org/fast-deep-equal/-/fast-deep-equal-3.1.3.tgz 988ms (cache miss)
777 http fetch GET 200 https://registry.npmjs.org/delayed-stream/-/delayed-stream-1.0.0.tgz 997ms (cache miss)
778 http fetch GET 200 https://registry.npmjs.org/tunnel-agent/-/tunnel-agent-0.6.0.tgz 1006ms (cache miss)
779 timing reifyNode:node_modules/tunnel-agent Completed in 1084ms
780 http fetch GET 200 https://registry.npmjs.org/oauth-sign/-/oauth-sign-0.9.0.tgz 1005ms (cache miss)
781 http fetch GET 200 https://registry.npmjs.org/is-typedarray/-/is-typedarray-1.0.0.tgz 1010ms (cache miss)
782 timing reifyNode:node_modules/oauth-sign Completed in 1104ms
783 http fetch GET 200 https://registry.npmjs.org/isstream/-/isstream-0.1.2.tgz 1029ms (cache miss)
784 http fetch GET 200 https://registry.npmjs.org/mime-types/-/mime-types-2.1.35.tgz 1031ms (cache miss)
785 timing reifyNode:node_modules/es-errors Completed in 1119ms
786 timing reifyNode:node_modules/is-typedarray Completed in 1122ms
787 timing reifyNode:node_modules/delayed-stream Completed in 1136ms
788 timing reifyNode:node_modules/mime-types Completed in 1137ms
789 timing reifyNode:node_modules/isstream Completed in 1219ms
790 http fetch GET 200 https://registry.npmjs.org/http-signature/-/http-signature-1.2.0.tgz 1136ms (cache miss)
791 http fetch GET 200 https://registry.npmjs.org/har-validator/-/har-validator-5.1.5.tgz 1137ms (cache miss)
792 http fetch GET 200 https://registry.npmjs.org/extend/-/extend-3.0.2.tgz 1151ms (cache miss)
793 http fetch GET 200 https://registry.npmjs.org/json-stringify-safe/-/json-stringify-safe-5.0.1.tgz 1168ms (cache miss)
794 http fetch GET 200 https://registry.npmjs.org/tough-cookie/-/tough-cookie-2.5.0.tgz 1178ms (cache miss)
795 timing reifyNode:node_modules/fast-deep-equal Completed in 1268ms
796 http fetch GET 200 https://registry.npmjs.org/aws4/-/aws4-1.12.0.tgz 1177ms (cache miss)
797 http fetch GET 200 https://registry.npmjs.org/caseless/-/caseless-0.12.0.tgz 1179ms (cache miss)
798 timing reifyNode:node_modules/json-stringify-safe Completed in 1273ms
799 timing reifyNode:node_modules/tough-cookie Completed in 1274ms
800 http fetch GET 200 https://registry.npmjs.org/forever-agent/-/forever-agent-0.6.1.tgz 1188ms (cache miss)
801 timing reifyNode:node_modules/forever-agent Completed in 1277ms
802 http fetch GET 200 https://registry.npmjs.org/object-inspect/-/object-inspect-1.13.1.tgz 1224ms (cache miss)
803 timing reifyNode:node_modules/object-inspect Completed in 1282ms
804 timing reifyNode:node_modules/caseless Completed in 1285ms
805 http fetch GET 200 https://registry.npmjs.org/fast-json-stable-stringify/-/fast-json-stable-stringify-2.1.0.tgz 1211ms (cache miss)
806 warn deprecated har-validator@5.1.5: this library is no longer supported
807 timing reifyNode:node_modules/har-validator Completed in 1287ms
808 http fetch GET 200 https://registry.npmjs.org/aws-sign2/-/aws-sign2-0.7.0.tgz 1200ms (cache miss)
809 timing reifyNode:node_modules/aws-sign2 Completed in 1295ms
810 timing reifyNode:node_modules/fast-json-stable-stringify Completed in 1302ms
811 http fetch GET 200 https://registry.npmjs.org/@protobufjs/pool/-/pool-1.1.0.tgz 1231ms (cache miss)
812 http fetch GET 200 https://registry.npmjs.org/@protobufjs/utf8/-/utf8-1.1.0.tgz 1241ms (cache miss)
813 timing reifyNode:node_modules/aws4 Completed in 1339ms
814 timing reifyNode:node_modules/har-schema Completed in 1381ms
815 http fetch GET 200 https://registry.npmjs.org/form-data/-/form-data-2.3.3.tgz 1313ms (cache miss)
816 timing reifyNode:node_modules/form-data Completed in 1401ms
817 timing reifyNode:node_modules/@protobufjs/pool Completed in 1410ms
818 timing reifyNode:node_modules/extend Completed in 1411ms
819 http fetch GET 200 https://registry.npmjs.org/long/-/long-5.2.3.tgz 1342ms (cache miss)
820 http fetch GET 200 https://registry.npmjs.org/@protobufjs/fetch/-/fetch-1.1.0.tgz 1343ms (cache miss)
821 http fetch GET 200 https://registry.npmjs.org/@protobufjs/path/-/path-1.1.2.tgz 1352ms (cache miss)
822 timing reifyNode:node_modules/long Completed in 1457ms
823 http fetch GET 200 https://registry.npmjs.org/@protobufjs/inquire/-/inquire-1.1.0.tgz 1357ms (cache miss)
824 http fetch GET 200 https://registry.npmjs.org/combined-stream/-/combined-stream-1.0.8.tgz 1385ms (cache miss)
825 timing reifyNode:node_modules/@protobufjs/utf8 Completed in 1479ms
826 timing reifyNode:node_modules/http-signature Completed in 1483ms
827 http fetch GET 200 https://registry.npmjs.org/@protobufjs/codegen/-/codegen-2.0.4.tgz 1383ms (cache miss)
828 timing reifyNode:node_modules/asynckit Completed in 1489ms
829 warn deprecated uuid@3.4.0: Please upgrade  to version 7 or higher.  Older versions may use Math.random() in certain circumstances, which is known to be problematic.  See https://v8.dev/blog/math-random for details.
830 timing reifyNode:node_modules/uuid Completed in 1490ms
831 http fetch GET 200 https://registry.npmjs.org/@protobufjs/float/-/float-1.0.2.tgz 1390ms (cache miss)
832 http fetch GET 200 https://registry.npmjs.org/@protobufjs/eventemitter/-/eventemitter-1.1.0.tgz 1391ms (cache miss)
833 http fetch GET 200 https://registry.npmjs.org/@protobufjs/base64/-/base64-1.1.2.tgz 1397ms (cache miss)
834 http fetch GET 200 https://registry.npmjs.org/jwa/-/jwa-1.4.1.tgz 1403ms (cache miss)
835 timing reifyNode:node_modules/@protobufjs/path Completed in 1516ms
836 http fetch GET 200 https://registry.npmjs.org/@protobufjs/aspromise/-/aspromise-1.1.2.tgz 1414ms (cache miss)
837 timing reifyNode:node_modules/combined-stream Completed in 1527ms
838 timing reifyNode:node_modules/jwa Completed in 1529ms
839 timing reifyNode:node_modules/@protobufjs/fetch Completed in 1530ms
840 timing reifyNode:node_modules/@protobufjs/eventemitter Completed in 1572ms
841 timing reifyNode:node_modules/@protobufjs/base64 Completed in 1574ms
842 timing reifyNode:node_modules/@protobufjs/codegen Completed in 1585ms
843 http fetch GET 200 https://registry.npmjs.org/buffer-equal-constant-time/-/buffer-equal-constant-time-1.0.1.tgz 1484ms (cache miss)
844 http fetch GET 200 https://registry.npmjs.org/ecdsa-sig-formatter/-/ecdsa-sig-formatter-1.0.11.tgz 1492ms (cache miss)
845 http fetch GET 200 https://registry.npmjs.org/qs/-/qs-6.5.3.tgz 1519ms (cache miss)
846 timing reifyNode:node_modules/@protobufjs/aspromise Completed in 1610ms
847 timing reifyNode:node_modules/ecdsa-sig-formatter Completed in 1616ms
848 timing reifyNode:node_modules/qs Completed in 1618ms
849 timing reifyNode:node_modules/@protobufjs/float Completed in 1635ms
850 http fetch GET 200 https://registry.npmjs.org/safe-buffer/-/safe-buffer-5.2.1.tgz 1533ms (cache miss)
851 http fetch GET 200 https://registry.npmjs.org/lodash.once/-/lodash.once-4.1.1.tgz 1546ms (cache miss)
852 timing reifyNode:node_modules/buffer-equal-constant-time Completed in 1653ms
853 timing reifyNode:node_modules/lodash.once Completed in 1654ms
854 http fetch GET 200 https://registry.npmjs.org/lodash.isplainobject/-/lodash.isplainobject-4.0.6.tgz 1554ms (cache miss)
855 timing reifyNode:node_modules/lodash.isplainobject Completed in 1661ms
856 http fetch GET 200 https://registry.npmjs.org/lodash.isinteger/-/lodash.isinteger-4.0.4.tgz 1560ms (cache miss)
857 timing reifyNode:node_modules/lodash.isinteger Completed in 1668ms
858 http fetch GET 200 https://registry.npmjs.org/jws/-/jws-3.2.2.tgz 1562ms (cache miss)
859 http fetch GET 200 https://registry.npmjs.org/lodash.isnumber/-/lodash.isnumber-3.0.3.tgz 1565ms (cache miss)
860 timing reifyNode:node_modules/lodash.isnumber Completed in 1674ms
861 http fetch GET 200 https://registry.npmjs.org/lodash.isstring/-/lodash.isstring-4.0.1.tgz 1565ms (cache miss)
862 timing reifyNode:node_modules/lodash.isstring Completed in 1674ms
863 http fetch GET 200 https://registry.npmjs.org/lodash.includes/-/lodash.includes-4.3.0.tgz 1564ms (cache miss)
864 http fetch GET 200 https://registry.npmjs.org/lodash.isboolean/-/lodash.isboolean-3.0.3.tgz 1567ms (cache miss)
865 timing reifyNode:node_modules/safe-buffer Completed in 1677ms
866 timing reifyNode:node_modules/lodash.includes Completed in 1684ms
867 timing reifyNode:node_modules/lodash.isboolean Completed in 1685ms
868 timing reifyNode:node_modules/@protobufjs/inquire Completed in 1689ms
869 http fetch GET 200 https://registry.npmjs.org/ieee754/-/ieee754-1.2.1.tgz 1579ms (cache miss)
870 http fetch GET 200 https://registry.npmjs.org/ms/-/ms-2.1.3.tgz 1582ms (cache miss)
871 timing reifyNode:node_modules/ms Completed in 1703ms
872 timing reifyNode:node_modules/ieee754 Completed in 1712ms
873 http fetch GET 200 https://registry.npmjs.org/performance-now/-/performance-now-2.1.0.tgz 1650ms (cache miss)
874 timing reifyNode:node_modules/performance-now Completed in 1732ms
875 http fetch GET 200 https://registry.npmjs.org/xmlbuilder/-/xmlbuilder-11.0.1.tgz 1712ms (cache miss)
876 timing reifyNode:node_modules/xmlbuilder Completed in 1778ms
877 timing reifyNode:node_modules/jws Completed in 1776ms
878 http fetch GET 200 https://registry.npmjs.org/semver/-/semver-5.7.2.tgz 1682ms (cache miss)
879 http fetch GET 200 https://registry.npmjs.org/base64-js/-/base64-js-1.5.1.tgz 1672ms (cache miss)
880 http fetch GET 200 https://registry.npmjs.org/humanize-ms/-/humanize-ms-1.2.1.tgz 1675ms (cache miss)
881 http fetch GET 200 https://registry.npmjs.org/is-stream/-/is-stream-2.0.1.tgz 1679ms (cache miss)
882 timing reifyNode:node_modules/semver Completed in 1799ms
883 http fetch GET 200 https://registry.npmjs.org/follow-redirects/-/follow-redirects-1.15.6.tgz 1684ms (cache miss)
884 timing reifyNode:node_modules/is-stream Completed in 1807ms
885 http fetch GET 200 https://registry.npmjs.org/sshpk/-/sshpk-1.18.0.tgz 1741ms (cache miss)
886 timing reifyNode:node_modules/humanize-ms Completed in 1808ms
887 http fetch GET 200 https://registry.npmjs.org/lodash.set/-/lodash.set-4.3.2.tgz 1686ms (cache miss)
888 timing reifyNode:node_modules/base64-js Completed in 1817ms
889 http fetch GET 200 https://registry.npmjs.org/clone/-/clone-2.1.2.tgz 1698ms (cache miss)
890 timing reifyNode:node_modules/sshpk Completed in 1824ms
891 http fetch GET 200 https://registry.npmjs.org/buffer/-/buffer-5.7.1.tgz 1709ms (cache miss)
892 timing reifyNode:node_modules/lodash.set Completed in 1825ms
893 http fetch GET 200 https://registry.npmjs.org/@types/clone/-/clone-0.1.30.tgz 1709ms (cache miss)
894 timing reifyNode:node_modules/buffer Completed in 1832ms
895 timing reifyNode:node_modules/@types/clone Completed in 1833ms
896 timing reifyNode:node_modules/clone Completed in 1839ms
897 http fetch GET 200 https://registry.npmjs.org/lodash.unset/-/lodash.unset-4.5.2.tgz 1723ms (cache miss)
898 timing reifyNode:node_modules/follow-redirects Completed in 1857ms
899 timing reifyNode:node_modules/lodash.unset Completed in 1858ms
900 http fetch GET 200 https://registry.npmjs.org/bignumber.js/-/bignumber.js-9.1.2.tgz 1757ms (cache miss)
901 timing reifyNode:node_modules/bignumber.js Completed in 1876ms
902 http fetch GET 200 https://registry.npmjs.org/url/-/url-0.11.3.tgz 1755ms (cache miss)
903 timing reifyNode:node_modules/url Completed in 1884ms
904 http fetch GET 200 https://registry.npmjs.org/xml2js/-/xml2js-0.5.0.tgz 1761ms (cache miss)
905 http fetch GET 200 https://registry.npmjs.org/undici-types/-/undici-types-5.26.5.tgz 1814ms (cache miss)
906 timing reifyNode:node_modules/undici-types Completed in 1912ms
907 timing reifyNode:node_modules/xml2js Completed in 1937ms
908 http fetch GET 200 https://registry.npmjs.org/agentkeepalive/-/agentkeepalive-4.5.0.tgz 1822ms (cache miss)
909 http fetch GET 200 https://registry.npmjs.org/uri-js/-/uri-js-4.4.1.tgz 1892ms (cache miss)
910 timing reifyNode:node_modules/uri-js Completed in 1973ms
911 http fetch GET 200 https://registry.npmjs.org/retry/-/retry-0.13.1.tgz 1851ms (cache miss)
912 timing reifyNode:node_modules/retry Completed in 1986ms
913 http fetch GET 200 https://registry.npmjs.org/@cloudbase/signature-nodejs/-/signature-nodejs-1.0.0-beta.0.tgz 1863ms (cache miss)
914 timing reifyNode:node_modules/agentkeepalive Completed in 2017ms
915 http fetch GET 200 https://registry.npmjs.org/jsonwebtoken/-/jsonwebtoken-8.5.1.tgz 1890ms (cache miss)
916 timing reifyNode:node_modules/jsonwebtoken Completed in 2025ms
917 http fetch GET 200 https://registry.npmjs.org/json-bigint/-/json-bigint-1.0.0.tgz 1896ms (cache miss)
918 http fetch GET 200 https://registry.npmjs.org/request/-/request-2.88.2.tgz 1907ms (cache miss)
919 timing reifyNode:node_modules/json-bigint Completed in 2035ms
920 warn deprecated request@2.88.2: request has been deprecated, see https://github.com/request/request/issues/3142
921 timing reifyNode:node_modules/request Completed in 2039ms
922 http fetch GET 200 https://registry.npmjs.org/lodash.clonedeep/-/lodash.clonedeep-4.5.0.tgz 1925ms (cache miss)
923 timing reifyNode:node_modules/lodash.clonedeep Completed in 2056ms
924 http fetch GET 200 https://registry.npmjs.org/wx-server-sdk/-/wx-server-sdk-3.0.1.tgz 1922ms (cache miss)
925 timing reifyNode:node_modules/wx-server-sdk Completed in 2059ms
926 timing reifyNode:node_modules/@cloudbase/signature-nodejs Completed in 2113ms
927 http fetch GET 200 https://registry.npmjs.org/qs/-/qs-6.12.1.tgz 2029ms (cache miss)
928 timing reifyNode:node_modules/url/node_modules/qs Completed in 2170ms
929 http fetch GET 200 https://registry.npmjs.org/axios/-/axios-0.21.4.tgz 2067ms (cache miss)
930 timing reifyNode:node_modules/axios Completed in 2199ms
931 http fetch GET 200 https://registry.npmjs.org/ajv/-/ajv-6.12.6.tgz 2161ms (cache miss)
932 timing reifyNode:node_modules/ajv Completed in 2239ms
933 http fetch GET 200 https://registry.npmjs.org/@types/node/-/node-20.12.7.tgz 2163ms (cache miss)
934 timing reifyNode:node_modules/@types/node Completed in 2259ms
935 http fetch GET 200 https://registry.npmjs.org/protobufjs/-/protobufjs-7.2.6.tgz 2287ms (cache miss)
936 timing reifyNode:node_modules/protobufjs Completed in 2422ms
937 http fetch GET 200 https://registry.npmjs.org/tslib/-/tslib-1.14.1.tgz 2390ms (cache miss)
938 timing reifyNode:node_modules/tslib Completed in 2548ms
939 http fetch GET 200 https://registry.npmjs.org/bson/-/bson-4.7.2.tgz 2428ms (cache miss)
940 timing reifyNode:node_modules/bson Completed in 2556ms
941 http fetch GET 200 https://registry.npmjs.org/@cloudbase/node-sdk/-/node-sdk-2.10.0.tgz 2499ms (cache miss)
942 timing reifyNode:node_modules/@cloudbase/node-sdk Completed in 2636ms
943 http fetch GET 200 https://registry.npmjs.org/@cloudbase/database/-/database-1.4.1.tgz 2506ms (cache miss)
944 timing reifyNode:node_modules/@cloudbase/database Completed in 2641ms
945 http fetch GET 200 https://registry.npmjs.org/punycode/-/punycode-1.4.1.tgz 2609ms (cache miss)
946 timing reifyNode:node_modules/url/node_modules/punycode Completed in 2748ms
947 timing reify:unpack Completed in 2754ms
948 timing reify:unretire Completed in 1ms
949 timing build:queue Completed in 19ms
950 timing build:link:node_modules/uuid Completed in 12ms
951 timing build:link:node_modules/semver Completed in 30ms
952 timing build:link:node_modules/sshpk Completed in 33ms
953 timing build:link Completed in 34ms
954 info run protobufjs@7.2.6 postinstall node_modules/protobufjs node scripts/postinstall
955 info run protobufjs@7.2.6 postinstall { code: 0, signal: null }
956 timing build:run:postinstall:node_modules/protobufjs Completed in 187ms
957 timing build:run:postinstall Completed in 188ms
958 timing build:deps Completed in 241ms
959 timing build Completed in 242ms
960 timing reify:build Completed in 242ms
961 timing reify:trash Completed in 0ms
962 timing reify:save Completed in 53ms
963 timing reify Completed in 11217ms
964 silly ADD node_modules/has-property-descriptors
965 silly ADD node_modules/gopd
966 silly ADD node_modules/define-data-property
967 silly ADD node_modules/hasown
968 silly ADD node_modules/has-symbols
969 silly ADD node_modules/has-proto
970 silly ADD node_modules/set-function-length
971 silly ADD node_modules/function-bind
972 silly ADD node_modules/es-define-property
973 silly ADD node_modules/object-inspect
974 silly ADD node_modules/get-intrinsic
975 silly ADD node_modules/es-errors
976 silly ADD node_modules/call-bind
977 silly ADD node_modules/side-channel
978 silly ADD node_modules/xmlbuilder
979 silly ADD node_modules/sax
980 silly ADD node_modules/core-util-is
981 silly ADD node_modules/punycode
982 silly ADD node_modules/psl
983 silly ADD node_modules/tweetnacl
984 silly ADD node_modules/safer-buffer
985 silly ADD node_modules/jsbn
986 silly ADD node_modules/getpass
987 silly ADD node_modules/ecc-jsbn
988 silly ADD node_modules/dashdash
989 silly ADD node_modules/bcrypt-pbkdf
990 silly ADD node_modules/asn1
991 silly ADD node_modules/mime-db
992 silly ADD node_modules/verror
993 silly ADD node_modules/json-schema
994 silly ADD node_modules/extsprintf
995 silly ADD node_modules/sshpk
996 silly ADD node_modules/jsprim
997 silly ADD node_modules/assert-plus
998 silly ADD node_modules/uri-js
999 silly ADD node_modules/json-schema-traverse
1000 silly ADD node_modules/fast-json-stable-stringify
1001 silly ADD node_modules/fast-deep-equal
1002 silly ADD node_modules/har-schema
1003 silly ADD node_modules/ajv
1004 silly ADD node_modules/asynckit
1005 silly ADD node_modules/delayed-stream
1006 silly ADD node_modules/uuid
1007 silly ADD node_modules/tunnel-agent
1008 silly ADD node_modules/tough-cookie
1009 silly ADD node_modules/qs
1010 silly ADD node_modules/performance-now
1011 silly ADD node_modules/oauth-sign
1012 silly ADD node_modules/mime-types
1013 silly ADD node_modules/json-stringify-safe
1014 silly ADD node_modules/isstream
1015 silly ADD node_modules/is-typedarray
1016 silly ADD node_modules/http-signature
1017 silly ADD node_modules/har-validator
1018 silly ADD node_modules/form-data
1019 silly ADD node_modules/forever-agent
1020 silly ADD node_modules/extend
1021 silly ADD node_modules/combined-stream
1022 silly ADD node_modules/caseless
1023 silly ADD node_modules/aws4
1024 silly ADD node_modules/aws-sign2
1025 silly ADD node_modules/undici-types
1026 silly ADD node_modules/long
1027 silly ADD node_modules/@types/node
1028 silly ADD node_modules/@protobufjs/utf8
1029 silly ADD node_modules/@protobufjs/pool
1030 silly ADD node_modules/@protobufjs/path
1031 silly ADD node_modules/@protobufjs/inquire
1032 silly ADD node_modules/@protobufjs/float
1033 silly ADD node_modules/@protobufjs/fetch
1034 silly ADD node_modules/@protobufjs/eventemitter
1035 silly ADD node_modules/@protobufjs/codegen
1036 silly ADD node_modules/@protobufjs/base64
1037 silly ADD node_modules/@protobufjs/aspromise
1038 silly ADD node_modules/ecdsa-sig-formatter
1039 silly ADD node_modules/buffer-equal-constant-time
1040 silly ADD node_modules/safe-buffer
1041 silly ADD node_modules/jwa
1042 silly ADD node_modules/semver
1043 silly ADD node_modules/lodash.once
1044 silly ADD node_modules/lodash.isstring
1045 silly ADD node_modules/lodash.isplainobject
1046 silly ADD node_modules/lodash.isnumber
1047 silly ADD node_modules/lodash.isinteger
1048 silly ADD node_modules/lodash.isboolean
1049 silly ADD node_modules/lodash.includes
1050 silly ADD node_modules/jws
1051 silly ADD node_modules/bignumber.js
1052 silly ADD node_modules/ms
1053 silly ADD node_modules/ieee754
1054 silly ADD node_modules/base64-js
1055 silly ADD node_modules/buffer
1056 silly ADD node_modules/follow-redirects
1057 silly ADD node_modules/humanize-ms
1058 silly ADD node_modules/url
1059 silly ADD node_modules/url/node_modules/qs
1060 silly ADD node_modules/url/node_modules/punycode
1061 silly ADD node_modules/is-stream
1062 silly ADD node_modules/clone
1063 silly ADD node_modules/@types/clone
1064 silly ADD node_modules/lodash.unset
1065 silly ADD node_modules/lodash.set
1066 silly ADD node_modules/lodash.clonedeep
1067 silly ADD node_modules/bson
1068 silly ADD node_modules/xml2js
1069 silly ADD node_modules/retry
1070 silly ADD node_modules/request
1071 silly ADD node_modules/jsonwebtoken
1072 silly ADD node_modules/axios
1073 silly ADD node_modules/agentkeepalive
1074 silly ADD node_modules/@cloudbase/signature-nodejs
1075 silly ADD node_modules/@cloudbase/database
1076 silly ADD node_modules/tslib
1077 silly ADD node_modules/protobufjs
1078 silly ADD node_modules/json-bigint
1079 silly ADD node_modules/@cloudbase/node-sdk
1080 silly ADD node_modules/wx-server-sdk
1081 timing command:install Completed in 11243ms
1082 notice
1082 notice New [33mminor[39m version of npm available! [31m10.2.3[39m -> [32m10.5.2[39m
1082 notice Changelog: [36mhttps://github.com/npm/cli/releases/tag/v10.5.2[39m
1082 notice Run [32mnpm install -g npm@10.5.2[39m to update!
1082 notice
1083 verbose exit 0
1084 timing npm Completed in 11966ms
1085 info ok
